---------------------------------------------------------------
[ 2019-07-07T00:02:47+08:00 ] 127.0.0.1 GET localhost/admin.php
[ sql ] [ DB ] CONNECT:[ UseTime:0.002034s ] mysql:host=127.0.0.1;port=3306;dbname=fastadmin;charset=utf8
[ sql ] [ SQL ] SHOW COLUMNS FROM `fa_auth_group_access` [ RunTime:0.017524s ]
[ sql ] [ SQL ] SELECT `aga`.`uid`,`aga`.`group_id`,`ag`.`id`,`ag`.`pid`,`ag`.`name`,`ag`.`rules` FROM `fa_auth_group_access` `aga` LEFT JOIN `fa_auth_group` `ag` ON `aga`.`group_id`=`ag`.`id` WHERE  (  aga.uid='1' and ag.status='normal' ) [ RunTime:0.001026s ]
[ sql ] [ SQL ] SHOW COLUMNS FROM `fa_auth_rule` [ RunTime:0.018664s ]
[ sql ] [ SQL ] SELECT `id`,`pid`,`condition`,`icon`,`name`,`title`,`ismenu` FROM `fa_auth_rule` WHERE  `status` = 'normal' [ RunTime:0.000969s ]
[ sql ] [ SQL ] SELECT `name`,`pid` FROM `fa_auth_rule` WHERE  `status` = 'normal'  AND `ismenu` = 0  AND `name` LIKE '%/index' [ RunTime:0.000780s ]
---------------------------------------------------------------
[ 2019-07-07T00:02:48+08:00 ] 127.0.0.1 GET localhost/admin.php
[ sql ] [ DB ] CONNECT:[ UseTime:0.001400s ] mysql:host=127.0.0.1;port=3306;dbname=fastadmin;charset=utf8
[ sql ] [ SQL ] SHOW COLUMNS FROM `fa_auth_group_access` [ RunTime:0.019275s ]
[ sql ] [ SQL ] SELECT `aga`.`uid`,`aga`.`group_id`,`ag`.`id`,`ag`.`pid`,`ag`.`name`,`ag`.`rules` FROM `fa_auth_group_access` `aga` LEFT JOIN `fa_auth_group` `ag` ON `aga`.`group_id`=`ag`.`id` WHERE  (  aga.uid='1' and ag.status='normal' ) [ RunTime:0.000681s ]
[ sql ] [ SQL ] SHOW COLUMNS FROM `fa_auth_rule` [ RunTime:0.020091s ]
[ sql ] [ SQL ] SELECT `id`,`pid`,`condition`,`icon`,`name`,`title`,`ismenu` FROM `fa_auth_rule` WHERE  `status` = 'normal' [ RunTime:0.000867s ]
[ sql ] [ SQL ] SELECT `name`,`pid` FROM `fa_auth_rule` WHERE  `status` = 'normal'  AND `ismenu` = 0  AND `name` LIKE '%/index' [ RunTime:0.000729s ]
---------------------------------------------------------------
[ 2019-07-07T00:02:48+08:00 ] 127.0.0.1 GET localhost/admin.php/dashboard?addtabs=1
[ sql ] [ DB ] CONNECT:[ UseTime:0.002108s ] mysql:host=127.0.0.1;port=3306;dbname=fastadmin;charset=utf8
[ sql ] [ SQL ] SHOW COLUMNS FROM `fa_auth_group_access` [ RunTime:0.020170s ]
[ sql ] [ SQL ] SELECT `aga`.`uid`,`aga`.`group_id`,`ag`.`id`,`ag`.`pid`,`ag`.`name`,`ag`.`rules` FROM `fa_auth_group_access` `aga` LEFT JOIN `fa_auth_group` `ag` ON `aga`.`group_id`=`ag`.`id` WHERE  (  aga.uid='1' and ag.status='normal' ) [ RunTime:0.000667s ]
[ sql ] [ SQL ] SHOW COLUMNS FROM `fa_auth_rule` [ RunTime:0.023683s ]
[ sql ] [ SQL ] SELECT `id`,`pid`,`condition`,`icon`,`name`,`title`,`ismenu` FROM `fa_auth_rule` WHERE  `status` = 'normal' [ RunTime:0.001152s ]
[ sql ] [ SQL ] SELECT `title`,`remark` FROM `fa_auth_rule` WHERE  `name` = 'dashboard' LIMIT 1 [ RunTime:0.000646s ]
---------------------------------------------------------------
[ 2019-07-07T00:05:32+08:00 ] 127.0.0.1 GET localhost/admin.php/dashboard?ref=addtabs
[ sql ] [ DB ] CONNECT:[ UseTime:0.020475s ] mysql:host=127.0.0.1;port=3306;dbname=fastadmin;charset=utf8
[ sql ] [ SQL ] SHOW COLUMNS FROM `fa_auth_group_access` [ RunTime:0.059108s ]
[ sql ] [ SQL ] SELECT `aga`.`uid`,`aga`.`group_id`,`ag`.`id`,`ag`.`pid`,`ag`.`name`,`ag`.`rules` FROM `fa_auth_group_access` `aga` LEFT JOIN `fa_auth_group` `ag` ON `aga`.`group_id`=`ag`.`id` WHERE  (  aga.uid='1' and ag.status='normal' ) [ RunTime:0.001563s ]
[ sql ] [ SQL ] SHOW COLUMNS FROM `fa_auth_rule` [ RunTime:0.055285s ]
[ sql ] [ SQL ] SELECT `id`,`pid`,`condition`,`icon`,`name`,`title`,`ismenu` FROM `fa_auth_rule` WHERE  `status` = 'normal' [ RunTime:0.002087s ]
---------------------------------------------------------------
[ 2019-07-07T00:05:32+08:00 ] 127.0.0.1 GET localhost/admin.php/index/index
[ sql ] [ DB ] CONNECT:[ UseTime:0.001348s ] mysql:host=127.0.0.1;port=3306;dbname=fastadmin;charset=utf8
[ sql ] [ SQL ] SHOW COLUMNS FROM `fa_auth_group_access` [ RunTime:0.026720s ]
[ sql ] [ SQL ] SELECT `aga`.`uid`,`aga`.`group_id`,`ag`.`id`,`ag`.`pid`,`ag`.`name`,`ag`.`rules` FROM `fa_auth_group_access` `aga` LEFT JOIN `fa_auth_group` `ag` ON `aga`.`group_id`=`ag`.`id` WHERE  (  aga.uid='1' and ag.status='normal' ) [ RunTime:0.000733s ]
[ sql ] [ SQL ] SHOW COLUMNS FROM `fa_auth_rule` [ RunTime:0.020480s ]
[ sql ] [ SQL ] SELECT `id`,`pid`,`condition`,`icon`,`name`,`title`,`ismenu` FROM `fa_auth_rule` WHERE  `status` = 'normal' [ RunTime:0.001191s ]
[ sql ] [ SQL ] SELECT `name`,`pid` FROM `fa_auth_rule` WHERE  `status` = 'normal'  AND `ismenu` = 0  AND `name` LIKE '%/index' [ RunTime:0.000969s ]
---------------------------------------------------------------
[ 2019-07-07T00:05:32+08:00 ] 127.0.0.1 GET localhost/admin.php/dashboard?addtabs=1
[ sql ] [ DB ] CONNECT:[ UseTime:0.012649s ] mysql:host=127.0.0.1;port=3306;dbname=fastadmin;charset=utf8
[ sql ] [ SQL ] SHOW COLUMNS FROM `fa_auth_group_access` [ RunTime:0.019838s ]
[ sql ] [ SQL ] SELECT `aga`.`uid`,`aga`.`group_id`,`ag`.`id`,`ag`.`pid`,`ag`.`name`,`ag`.`rules` FROM `fa_auth_group_access` `aga` LEFT JOIN `fa_auth_group` `ag` ON `aga`.`group_id`=`ag`.`id` WHERE  (  aga.uid='1' and ag.status='normal' ) [ RunTime:0.000770s ]
[ sql ] [ SQL ] SHOW COLUMNS FROM `fa_auth_rule` [ RunTime:0.023936s ]
[ sql ] [ SQL ] SELECT `id`,`pid`,`condition`,`icon`,`name`,`title`,`ismenu` FROM `fa_auth_rule` WHERE  `status` = 'normal' [ RunTime:0.001334s ]
[ sql ] [ SQL ] SELECT `title`,`remark` FROM `fa_auth_rule` WHERE  `name` = 'dashboard' LIMIT 1 [ RunTime:0.000538s ]
---------------------------------------------------------------
[ 2019-07-07T12:43:09+08:00 ] 127.0.0.1 GET localhost/a
[运行时间：0.061490s] [吞吐率：16.26req/s] [内存消耗：1,593.00kb] [文件加载：107]
[ info ] [ BEHAVIOR ] Run Closure @app_init [ RunTime:0.000015s ]
[ info ] [ CACHE ] INIT File
[ info ] [ BEHAVIOR ] Run Closure @app_init [ RunTime:0.002531s ]
[ info ] [ LANG ] D:\phpstart\PHPTutorial\WWW\ownObj\thinkphp\lang\zh-cn.php
[ info ] [ ROUTE ] array (
  'type' => 'module',
  'module' => 
  array (
    0 => 'a',
    1 => NULL,
    2 => NULL,
  ),
)
[ info ] [ HEADER ] array (
  'cookie' => 'pgv_pvi=6098415616; _ga=GA1.1.1216734665.1554999946; keeplogin=1%7C86400%7C1562411387%7C069eafe4d3833c7cbec3cf4f5660284b; Hm_lvt_f8d0a8c400404989e195270b0bbf060a=1562395902,1562428957,1562461153,1562470156',
  'accept-language' => 'zh-CN,zh;q=0.9',
  'accept-encoding' => 'gzip, deflate, br',
  'accept' => 'text/html,application/xhtml+xml,application/xml;q=0.9,image/webp,image/apng,*/*;q=0.8,application/signed-exchange;v=b3',
  'user-agent' => 'Mozilla/5.0 (Windows NT 10.0; Win64; x64) AppleWebKit/537.36 (KHTML, like Gecko) Chrome/75.0.3770.100 Safari/537.36',
  'upgrade-insecure-requests' => '1',
  'connection' => 'keep-alive',
  'host' => 'localhost',
  'content-length' => '',
  'content-type' => '',
)
[ info ] [ PARAM ] array (
)
[ info ] [ LOG ] INIT File
---------------------------------------------------------------
[ 2019-07-07T12:43:29+08:00 ] 127.0.0.1 GET localhost/index/index/news
[运行时间：0.051118s] [吞吐率：19.56req/s] [内存消耗：2,342.63kb] [文件加载：122]
[ info ] [ BEHAVIOR ] Run Closure @app_init [ RunTime:0.000015s ]
[ info ] [ CACHE ] INIT File
[ info ] [ BEHAVIOR ] Run Closure @app_init [ RunTime:0.001527s ]
[ info ] [ LANG ] D:\phpstart\PHPTutorial\WWW\ownObj\thinkphp\lang\zh-cn.php
[ info ] [ ROUTE ] array (
  'type' => 'module',
  'module' => 
  array (
    0 => 'index',
    1 => 'index',
    2 => 'news',
  ),
)
[ info ] [ HEADER ] array (
  'cookie' => 'pgv_pvi=6098415616; _ga=GA1.1.1216734665.1554999946; keeplogin=1%7C86400%7C1562411387%7C069eafe4d3833c7cbec3cf4f5660284b; Hm_lvt_f8d0a8c400404989e195270b0bbf060a=1562395902,1562428957,1562461153,1562470156',
  'accept-language' => 'zh-CN,zh;q=0.9',
  'accept-encoding' => 'gzip, deflate, br',
  'accept' => 'text/html,application/xhtml+xml,application/xml;q=0.9,image/webp,image/apng,*/*;q=0.8,application/signed-exchange;v=b3',
  'user-agent' => 'Mozilla/5.0 (Windows NT 10.0; Win64; x64) AppleWebKit/537.36 (KHTML, like Gecko) Chrome/75.0.3770.100 Safari/537.36',
  'upgrade-insecure-requests' => '1',
  'connection' => 'keep-alive',
  'host' => 'localhost',
  'content-length' => '',
  'content-type' => '',
)
[ info ] [ PARAM ] array (
)
[ info ] [ LANG ] D:\phpstart\PHPTutorial\WWW\ownObj\public/../application/index\lang\zh-cn.php
[ info ] [ BEHAVIOR ] Run app\common\behavior\Common @module_init [ RunTime:0.002348s ]
[ info ] [ LANG ] D:\phpstart\PHPTutorial\WWW\ownObj\public/../application/index/lang/zh-cn/index.php
[ info ] [ RUN ] app\index\controller\Index->news[ D:\phpstart\PHPTutorial\WWW\ownObj\application\index\controller\Index.php ]
[ info ] [ LOG ] INIT File
---------------------------------------------------------------
[ 2019-07-07T12:43:38+08:00 ] 127.0.0.1 GET localhost/index/index/index
[运行时间：0.068075s] [吞吐率：14.69req/s] [内存消耗：2,485.00kb] [文件加载：124]
[ info ] [ BEHAVIOR ] Run Closure @app_init [ RunTime:0.000033s ]
[ info ] [ CACHE ] INIT File
[ info ] [ BEHAVIOR ] Run Closure @app_init [ RunTime:0.001605s ]
[ info ] [ LANG ] D:\phpstart\PHPTutorial\WWW\ownObj\thinkphp\lang\zh-cn.php
[ info ] [ ROUTE ] array (
  'type' => 'module',
  'module' => 
  array (
    0 => 'index',
    1 => 'index',
    2 => 'index',
  ),
)
[ info ] [ HEADER ] array (
  'cookie' => 'pgv_pvi=6098415616; _ga=GA1.1.1216734665.1554999946; keeplogin=1%7C86400%7C1562411387%7C069eafe4d3833c7cbec3cf4f5660284b; Hm_lvt_f8d0a8c400404989e195270b0bbf060a=1562395902,1562428957,1562461153,1562470156',
  'accept-language' => 'zh-CN,zh;q=0.9',
  'accept-encoding' => 'gzip, deflate, br',
  'accept' => 'text/html,application/xhtml+xml,application/xml;q=0.9,image/webp,image/apng,*/*;q=0.8,application/signed-exchange;v=b3',
  'user-agent' => 'Mozilla/5.0 (Windows NT 10.0; Win64; x64) AppleWebKit/537.36 (KHTML, like Gecko) Chrome/75.0.3770.100 Safari/537.36',
  'upgrade-insecure-requests' => '1',
  'connection' => 'keep-alive',
  'host' => 'localhost',
  'content-length' => '',
  'content-type' => '',
)
[ info ] [ PARAM ] array (
)
[ info ] [ LANG ] D:\phpstart\PHPTutorial\WWW\ownObj\public/../application/index\lang\zh-cn.php
[ info ] [ BEHAVIOR ] Run app\common\behavior\Common @module_init [ RunTime:0.001629s ]
[ info ] [ LANG ] D:\phpstart\PHPTutorial\WWW\ownObj\public/../application/index/lang/zh-cn/index.php
[ info ] [ RUN ] app\index\controller\Index->index[ D:\phpstart\PHPTutorial\WWW\ownObj\application\index\controller\Index.php ]
[ info ] [ VIEW ] D:\phpstart\PHPTutorial\WWW\ownObj\public/../application/index\view\index\index.html [ array (
  0 => 'user',
  1 => 'site',
  2 => 'config',
) ]
[ info ] [ LOG ] INIT File
---------------------------------------------------------------
[ 2019-07-07T12:46:07+08:00 ] 127.0.0.1 GET localhost/admin_zhengyuanhong.php
[运行时间：0.075632s] [吞吐率：13.22req/s] [内存消耗：2,327.46kb] [文件加载：123]
[ info ] [ BEHAVIOR ] Run Closure @app_init [ RunTime:0.000103s ]
[ info ] [ CACHE ] INIT File
[ info ] [ BEHAVIOR ] Run Closure @app_init [ RunTime:0.003405s ]
[ info ] [ LANG ] D:\phpstart\PHPTutorial\WWW\ownObj\thinkphp\lang\zh-cn.php
[ info ] [ ROUTE ] array (
  'type' => 'module',
  'module' => 
  array (
    0 => 'admin',
    1 => NULL,
    2 => NULL,
  ),
)
[ info ] [ HEADER ] array (
  'cookie' => 'pgv_pvi=6098415616; _ga=GA1.1.1216734665.1554999946; keeplogin=1%7C86400%7C1562411387%7C069eafe4d3833c7cbec3cf4f5660284b; Hm_lvt_f8d0a8c400404989e195270b0bbf060a=1562428957,1562461153,1562470156,1562474619; Hm_lpvt_f8d0a8c400404989e195270b0bbf060a=1562474619',
  'accept-language' => 'zh-CN,zh;q=0.9',
  'accept-encoding' => 'gzip, deflate, br',
  'accept' => 'text/html,application/xhtml+xml,application/xml;q=0.9,image/webp,image/apng,*/*;q=0.8,application/signed-exchange;v=b3',
  'user-agent' => 'Mozilla/5.0 (Windows NT 10.0; Win64; x64) AppleWebKit/537.36 (KHTML, like Gecko) Chrome/75.0.3770.100 Safari/537.36',
  'upgrade-insecure-requests' => '1',
  'connection' => 'keep-alive',
  'host' => 'localhost',
  'content-length' => '',
  'content-type' => '',
)
[ info ] [ PARAM ] array (
)
[ info ] [ LANG ] D:\phpstart\PHPTutorial\WWW\ownObj\public/../application/admin\lang\zh-cn.php
[ info ] [ BEHAVIOR ] Run app\common\behavior\Common @module_init [ RunTime:0.001981s ]
[ info ] [ SESSION ] INIT array (
  'id' => '',
  'var_session_id' => '',
  'prefix' => 'think',
  'type' => '',
  'auto_start' => true,
)
[ info ] [ VIEW ] D:\phpstart\PHPTutorial\WWW\ownObj\public/../application/common\view\tpl\dispatch_jump.tpl [ array (
  0 => 'code',
  1 => 'msg',
  2 => 'data',
  3 => 'url',
  4 => 'wait',
) ]
[ info ] [ BEHAVIOR ] Run app\admin\behavior\AdminLog @app_end [ RunTime:0.000473s ]
[ info ] [ LOG ] INIT File
---------------------------------------------------------------
[ 2019-07-07T12:46:09+08:00 ] 127.0.0.1 GET localhost/admin_zhengyuanhong.php/index/login?url=%2Fadmin_zhengyuanhong.php
[运行时间：0.046992s] [吞吐率：21.28req/s] [内存消耗：2,575.41kb] [文件加载：126]
[ info ] [ BEHAVIOR ] Run Closure @app_init [ RunTime:0.000016s ]
[ info ] [ CACHE ] INIT File
[ info ] [ BEHAVIOR ] Run Closure @app_init [ RunTime:0.002077s ]
[ info ] [ LANG ] D:\phpstart\PHPTutorial\WWW\ownObj\thinkphp\lang\zh-cn.php
[ info ] [ ROUTE ] array (
  'type' => 'module',
  'module' => 
  array (
    0 => 'admin',
    1 => 'index',
    2 => 'login',
  ),
)
[ info ] [ HEADER ] array (
  'cookie' => 'pgv_pvi=6098415616; _ga=GA1.1.1216734665.1554999946; keeplogin=1%7C86400%7C1562411387%7C069eafe4d3833c7cbec3cf4f5660284b; Hm_lvt_f8d0a8c400404989e195270b0bbf060a=1562428957,1562461153,1562470156,1562474619; Hm_lpvt_f8d0a8c400404989e195270b0bbf060a=1562474619; PHPSESSID=70p60bkhetk4shtdao5lissu7o',
  'accept-language' => 'zh-CN,zh;q=0.9',
  'accept-encoding' => 'gzip, deflate, br',
  'referer' => 'http://localhost/admin_zhengyuanhong.php',
  'accept' => 'text/html,application/xhtml+xml,application/xml;q=0.9,image/webp,image/apng,*/*;q=0.8,application/signed-exchange;v=b3',
  'user-agent' => 'Mozilla/5.0 (Windows NT 10.0; Win64; x64) AppleWebKit/537.36 (KHTML, like Gecko) Chrome/75.0.3770.100 Safari/537.36',
  'upgrade-insecure-requests' => '1',
  'connection' => 'keep-alive',
  'host' => 'localhost',
  'content-length' => '',
  'content-type' => '',
)
[ info ] [ PARAM ] array (
  'url' => '/admin_zhengyuanhong.php',
)
[ info ] [ LANG ] D:\phpstart\PHPTutorial\WWW\ownObj\public/../application/admin\lang\zh-cn.php
[ info ] [ BEHAVIOR ] Run app\common\behavior\Common @module_init [ RunTime:0.001330s ]
[ info ] [ SESSION ] INIT array (
  'id' => '',
  'var_session_id' => '',
  'prefix' => 'think',
  'type' => '',
  'auto_start' => true,
)
[ info ] [ LANG ] D:\phpstart\PHPTutorial\WWW\ownObj\public/../application/admin/lang/zh-cn/index.php
[ info ] [ RUN ] app\admin\controller\Index->login[ D:\phpstart\PHPTutorial\WWW\ownObj\application\admin\controller\Index.php ]
[ info ] [ VIEW ] D:\phpstart\PHPTutorial\WWW\ownObj\public/../application/admin\view\index\login.html [ array (
  0 => 'breadcrumb',
  1 => 'site',
  2 => 'config',
  3 => 'auth',
  4 => 'admin',
  5 => 'background',
  6 => 'title',
) ]
[ info ] [ BEHAVIOR ] Run app\admin\behavior\AdminLog @app_end [ RunTime:0.000215s ]
[ info ] [ LOG ] INIT File
---------------------------------------------------------------
[ 2019-07-07T12:46:09+08:00 ] 127.0.0.1 GET localhost/index.php?s=/captcha
[运行时间：0.051875s] [吞吐率：19.28req/s] [内存消耗：1,631.77kb] [文件加载：106]
[ info ] [ BEHAVIOR ] Run Closure @app_init [ RunTime:0.000015s ]
[ info ] [ CACHE ] INIT File
[ info ] [ BEHAVIOR ] Run Closure @app_init [ RunTime:0.001533s ]
[ info ] [ LANG ] D:\phpstart\PHPTutorial\WWW\ownObj\thinkphp\lang\zh-cn.php
[ info ] [ ROUTE ] array (
  'type' => 'method',
  'method' => 
  array (
    0 => '\\think\\captcha\\CaptchaController',
    1 => 'index',
  ),
  'var' => 
  array (
  ),
)
[ info ] [ HEADER ] array (
  'cookie' => 'pgv_pvi=6098415616; _ga=GA1.1.1216734665.1554999946; keeplogin=1%7C86400%7C1562411387%7C069eafe4d3833c7cbec3cf4f5660284b; Hm_lvt_f8d0a8c400404989e195270b0bbf060a=1562428957,1562461153,1562470156,1562474619; Hm_lpvt_f8d0a8c400404989e195270b0bbf060a=1562474619; PHPSESSID=70p60bkhetk4shtdao5lissu7o',
  'accept-language' => 'zh-CN,zh;q=0.9',
  'accept-encoding' => 'gzip, deflate, br',
  'referer' => 'http://localhost/admin_zhengyuanhong.php/index/login?url=%2Fadmin_zhengyuanhong.php',
  'accept' => 'image/webp,image/apng,image/*,*/*;q=0.8',
  'user-agent' => 'Mozilla/5.0 (Windows NT 10.0; Win64; x64) AppleWebKit/537.36 (KHTML, like Gecko) Chrome/75.0.3770.100 Safari/537.36',
  'connection' => 'keep-alive',
  'host' => 'localhost',
  'content-length' => '',
  'content-type' => '',
)
[ info ] [ PARAM ] array (
  'id' => NULL,
)
[ info ] [ RUN ] think\captcha\CaptchaController->index[ D:\phpstart\PHPTutorial\WWW\ownObj\vendor\topthink\think-captcha\src\CaptchaController.php ]
[ info ] [ SESSION ] INIT array (
  'id' => '',
  'var_session_id' => '',
  'prefix' => 'think',
  'type' => '',
  'auto_start' => true,
)
[ info ] [ LOG ] INIT File
---------------------------------------------------------------
[ 2019-07-07T12:46:09+08:00 ] 127.0.0.1 GET localhost/admin_zhengyuanhong.php/ajax/lang?callback=define&controllername=index&v=1562474769
[运行时间：0.056052s] [吞吐率：17.84req/s] [内存消耗：2,580.16kb] [文件加载：126]
[ info ] [ BEHAVIOR ] Run Closure @app_init [ RunTime:0.000014s ]
[ info ] [ CACHE ] INIT File
[ info ] [ BEHAVIOR ] Run Closure @app_init [ RunTime:0.001634s ]
[ info ] [ LANG ] D:\phpstart\PHPTutorial\WWW\ownObj\thinkphp\lang\zh-cn.php
[ info ] [ ROUTE ] array (
  'type' => 'module',
  'module' => 
  array (
    0 => 'admin',
    1 => 'ajax',
    2 => 'lang',
  ),
)
[ info ] [ HEADER ] array (
  'cookie' => 'pgv_pvi=6098415616; _ga=GA1.1.1216734665.1554999946; keeplogin=1%7C86400%7C1562411387%7C069eafe4d3833c7cbec3cf4f5660284b; Hm_lvt_f8d0a8c400404989e195270b0bbf060a=1562428957,1562461153,1562470156,1562474619; Hm_lpvt_f8d0a8c400404989e195270b0bbf060a=1562474619; PHPSESSID=70p60bkhetk4shtdao5lissu7o',
  'accept-language' => 'zh-CN,zh;q=0.9',
  'accept-encoding' => 'gzip, deflate, br',
  'referer' => 'http://localhost/admin_zhengyuanhong.php/index/login?url=%2Fadmin_zhengyuanhong.php',
  'accept' => '*/*',
  'user-agent' => 'Mozilla/5.0 (Windows NT 10.0; Win64; x64) AppleWebKit/537.36 (KHTML, like Gecko) Chrome/75.0.3770.100 Safari/537.36',
  'connection' => 'keep-alive',
  'host' => 'localhost',
  'content-length' => '',
  'content-type' => '',
)
[ info ] [ PARAM ] array (
  'callback' => 'define',
  'controllername' => 'index',
  'v' => '1562474769',
)
[ info ] [ LANG ] D:\phpstart\PHPTutorial\WWW\ownObj\public/../application/admin\lang\zh-cn.php
[ info ] [ BEHAVIOR ] Run app\common\behavior\Common @module_init [ RunTime:0.001708s ]
[ info ] [ SESSION ] INIT array (
  'id' => '',
  'var_session_id' => '',
  'prefix' => 'think',
  'type' => '',
  'auto_start' => true,
)
[ info ] [ LANG ] D:\phpstart\PHPTutorial\WWW\ownObj\public/../application/admin/lang/zh-cn/ajax.php
[ info ] [ RUN ] app\admin\controller\Ajax->lang[ D:\phpstart\PHPTutorial\WWW\ownObj\application\admin\controller\Ajax.php ]
[ info ] [ LANG ] D:\phpstart\PHPTutorial\WWW\ownObj\public/../application/admin/lang/zh-cn/index.php
[ info ] [ BEHAVIOR ] Run app\admin\behavior\AdminLog @app_end [ RunTime:0.000238s ]
[ info ] [ LOG ] INIT File
---------------------------------------------------------------
[ 2019-07-07T12:46:19+08:00 ] 127.0.0.1 POST localhost/admin_zhengyuanhong.php/index/login?url=%2Fadmin_zhengyuanhong.php
[运行时间：0.076263s] [吞吐率：13.11req/s] [内存消耗：3,261.01kb] [文件加载：134]
[ info ] [ BEHAVIOR ] Run Closure @app_init [ RunTime:0.000014s ]
[ info ] [ CACHE ] INIT File
[ info ] [ BEHAVIOR ] Run Closure @app_init [ RunTime:0.002244s ]
[ info ] [ LANG ] D:\phpstart\PHPTutorial\WWW\ownObj\thinkphp\lang\zh-cn.php
[ info ] [ ROUTE ] array (
  'type' => 'module',
  'module' => 
  array (
    0 => 'admin',
    1 => 'index',
    2 => 'login',
  ),
)
[ info ] [ HEADER ] array (
  'cookie' => 'pgv_pvi=6098415616; _ga=GA1.1.1216734665.1554999946; keeplogin=1%7C86400%7C1562411387%7C069eafe4d3833c7cbec3cf4f5660284b; Hm_lvt_f8d0a8c400404989e195270b0bbf060a=1562428957,1562461153,1562470156,1562474619; Hm_lpvt_f8d0a8c400404989e195270b0bbf060a=1562474619; PHPSESSID=70p60bkhetk4shtdao5lissu7o',
  'accept-language' => 'zh-CN,zh;q=0.9',
  'accept-encoding' => 'gzip, deflate, br',
  'referer' => 'http://localhost/admin_zhengyuanhong.php/index/login?url=%2Fadmin_zhengyuanhong.php',
  'content-type' => 'application/x-www-form-urlencoded; charset=UTF-8',
  'user-agent' => 'Mozilla/5.0 (Windows NT 10.0; Win64; x64) AppleWebKit/537.36 (KHTML, like Gecko) Chrome/75.0.3770.100 Safari/537.36',
  'x-requested-with' => 'XMLHttpRequest',
  'origin' => 'http://localhost',
  'accept' => 'application/json, text/javascript, */*; q=0.01',
  'content-length' => '92',
  'connection' => 'keep-alive',
  'host' => 'localhost',
)
[ info ] [ PARAM ] array (
  'url' => '/admin_zhengyuanhong.php',
  '__token__' => 'b4c2922bc35705fe6822d24852b5bdee',
  'username' => 'admin',
  'password' => 'LjDBKgy9G8qe',
  'captcha' => 'nb3l',
)
[ info ] [ LANG ] D:\phpstart\PHPTutorial\WWW\ownObj\public/../application/admin\lang\zh-cn.php
[ info ] [ BEHAVIOR ] Run app\common\behavior\Common @module_init [ RunTime:0.002885s ]
[ info ] [ SESSION ] INIT array (
  'id' => '',
  'var_session_id' => '',
  'prefix' => 'think',
  'type' => '',
  'auto_start' => true,
)
[ info ] [ LANG ] D:\phpstart\PHPTutorial\WWW\ownObj\public/../application/admin/lang/zh-cn/index.php
[ info ] [ RUN ] app\admin\controller\Index->login[ D:\phpstart\PHPTutorial\WWW\ownObj\application\admin\controller\Index.php ]
[ info ] [ DB ] INIT mysql
[ info ] [ BEHAVIOR ] Run app\admin\behavior\AdminLog @app_end [ RunTime:0.025458s ]
[ info ] [ LOG ] INIT File
[ sql ] [ DB ] CONNECT:[ UseTime:0.001046s ] mysql:host=127.0.0.1;port=3306;dbname=fastadmin;charset=utf8
[ sql ] [ SQL ] SHOW COLUMNS FROM `fa_admin_log` [ RunTime:0.013302s ]
[ sql ] [ SQL ] INSERT INTO `fa_admin_log` (`title` , `content` , `url` , `admin_id` , `username` , `useragent` , `ip` , `createtime`) VALUES ('' , '{\"url\":\"\\/admin_zhengyuanhong.php\",\"__token__\":\"b4c2922bc35705fe6822d24852b5bdee\",\"username\":\"admin\",\"captcha\":\"nb3l\"}' , '/admin_zhengyuanhong.php/index/login?url=%2Fadmin_zhengyuanhong.php' , 0 , 'Unknown' , 'Mozilla/5.0 (Windows NT 10.0; Win64; x64) AppleWebKit/537.36 (KHTML, like Gecko) Chrome/75.0.3770.100 Safari/537.36' , '127.0.0.1' , 1562474779) [ RunTime:0.001614s ]
---------------------------------------------------------------
[ 2019-07-07T12:46:19+08:00 ] 127.0.0.1 GET localhost/index.php?s=/captcha&r=0.5589281515039994
[运行时间：0.053922s] [吞吐率：18.55req/s] [内存消耗：1,632.05kb] [文件加载：106]
[ info ] [ BEHAVIOR ] Run Closure @app_init [ RunTime:0.000029s ]
[ info ] [ CACHE ] INIT File
[ info ] [ BEHAVIOR ] Run Closure @app_init [ RunTime:0.001785s ]
[ info ] [ LANG ] D:\phpstart\PHPTutorial\WWW\ownObj\thinkphp\lang\zh-cn.php
[ info ] [ ROUTE ] array (
  'type' => 'method',
  'method' => 
  array (
    0 => '\\think\\captcha\\CaptchaController',
    1 => 'index',
  ),
  'var' => 
  array (
  ),
)
[ info ] [ HEADER ] array (
  'cookie' => 'pgv_pvi=6098415616; _ga=GA1.1.1216734665.1554999946; keeplogin=1%7C86400%7C1562411387%7C069eafe4d3833c7cbec3cf4f5660284b; Hm_lvt_f8d0a8c400404989e195270b0bbf060a=1562428957,1562461153,1562470156,1562474619; Hm_lpvt_f8d0a8c400404989e195270b0bbf060a=1562474619; PHPSESSID=70p60bkhetk4shtdao5lissu7o',
  'accept-language' => 'zh-CN,zh;q=0.9',
  'accept-encoding' => 'gzip, deflate, br',
  'referer' => 'http://localhost/admin_zhengyuanhong.php/index/login?url=%2Fadmin_zhengyuanhong.php',
  'accept' => 'image/webp,image/apng,image/*,*/*;q=0.8',
  'user-agent' => 'Mozilla/5.0 (Windows NT 10.0; Win64; x64) AppleWebKit/537.36 (KHTML, like Gecko) Chrome/75.0.3770.100 Safari/537.36',
  'connection' => 'keep-alive',
  'host' => 'localhost',
  'content-length' => '',
  'content-type' => '',
)
[ info ] [ PARAM ] array (
  'r' => '0.5589281515039994',
  'id' => NULL,
)
[ info ] [ RUN ] think\captcha\CaptchaController->index[ D:\phpstart\PHPTutorial\WWW\ownObj\vendor\topthink\think-captcha\src\CaptchaController.php ]
[ info ] [ SESSION ] INIT array (
  'id' => '',
  'var_session_id' => '',
  'prefix' => 'think',
  'type' => '',
  'auto_start' => true,
)
[ info ] [ LOG ] INIT File
---------------------------------------------------------------
[ 2019-07-07T12:46:33+08:00 ] 127.0.0.1 POST localhost/admin_zhengyuanhong.php/index/login?url=%2Fadmin_zhengyuanhong.php
[运行时间：0.116319s] [吞吐率：8.60req/s] [内存消耗：3,274.27kb] [文件加载：135]
[ info ] [ BEHAVIOR ] Run Closure @app_init [ RunTime:0.000014s ]
[ info ] [ CACHE ] INIT File
[ info ] [ BEHAVIOR ] Run Closure @app_init [ RunTime:0.001414s ]
[ info ] [ LANG ] D:\phpstart\PHPTutorial\WWW\ownObj\thinkphp\lang\zh-cn.php
[ info ] [ ROUTE ] array (
  'type' => 'module',
  'module' => 
  array (
    0 => 'admin',
    1 => 'index',
    2 => 'login',
  ),
)
[ info ] [ HEADER ] array (
  'cookie' => 'pgv_pvi=6098415616; _ga=GA1.1.1216734665.1554999946; keeplogin=1%7C86400%7C1562411387%7C069eafe4d3833c7cbec3cf4f5660284b; Hm_lvt_f8d0a8c400404989e195270b0bbf060a=1562428957,1562461153,1562470156,1562474619; Hm_lpvt_f8d0a8c400404989e195270b0bbf060a=1562474619; PHPSESSID=70p60bkhetk4shtdao5lissu7o',
  'accept-language' => 'zh-CN,zh;q=0.9',
  'accept-encoding' => 'gzip, deflate, br',
  'referer' => 'http://localhost/admin_zhengyuanhong.php/index/login?url=%2Fadmin_zhengyuanhong.php',
  'content-type' => 'application/x-www-form-urlencoded; charset=UTF-8',
  'user-agent' => 'Mozilla/5.0 (Windows NT 10.0; Win64; x64) AppleWebKit/537.36 (KHTML, like Gecko) Chrome/75.0.3770.100 Safari/537.36',
  'x-requested-with' => 'XMLHttpRequest',
  'origin' => 'http://localhost',
  'accept' => 'application/json, text/javascript, */*; q=0.01',
  'content-length' => '104',
  'connection' => 'keep-alive',
  'host' => 'localhost',
)
[ info ] [ PARAM ] array (
  'url' => '/admin_zhengyuanhong.php',
  '__token__' => '11fb7c7380255a46f1a80616e89e93c3',
  'username' => 'admin',
  'password' => 'LjDBKgy9G8qe',
  'captcha' => 'NXAY',
  'keeplogin' => '1',
)
[ info ] [ LANG ] D:\phpstart\PHPTutorial\WWW\ownObj\public/../application/admin\lang\zh-cn.php
[ info ] [ BEHAVIOR ] Run app\common\behavior\Common @module_init [ RunTime:0.001237s ]
[ info ] [ SESSION ] INIT array (
  'id' => '',
  'var_session_id' => '',
  'prefix' => 'think',
  'type' => '',
  'auto_start' => true,
)
[ info ] [ LANG ] D:\phpstart\PHPTutorial\WWW\ownObj\public/../application/admin/lang/zh-cn/index.php
[ info ] [ RUN ] app\admin\controller\Index->login[ D:\phpstart\PHPTutorial\WWW\ownObj\application\admin\controller\Index.php ]
[ info ] [ DB ] INIT mysql
[ info ] [ BEHAVIOR ] Run app\admin\behavior\AdminLog @app_end [ RunTime:0.014225s ]
[ info ] [ LOG ] INIT File
[ sql ] [ DB ] CONNECT:[ UseTime:0.010741s ] mysql:host=127.0.0.1;port=3306;dbname=fastadmin;charset=utf8
[ sql ] [ SQL ] SHOW COLUMNS FROM `fa_admin` [ RunTime:0.019876s ]
[ sql ] [ SQL ] SELECT * FROM `fa_admin` WHERE  `username` = 'admin' LIMIT 1 [ RunTime:0.000438s ]
[ sql ] [ SQL ] UPDATE `fa_admin`  SET `loginfailure`=1,`updatetime`=1562474793  WHERE  `id` = 1 [ RunTime:0.004633s ]
[ sql ] [ SQL ] SHOW COLUMNS FROM `fa_admin_log` [ RunTime:0.012036s ]
[ sql ] [ SQL ] INSERT INTO `fa_admin_log` (`title` , `content` , `url` , `admin_id` , `username` , `useragent` , `ip` , `createtime`) VALUES ('登录' , '{\"url\":\"\\/admin_zhengyuanhong.php\",\"__token__\":\"11fb7c7380255a46f1a80616e89e93c3\",\"username\":\"admin\",\"captcha\":\"NXAY\",\"keeplogin\":\"1\"}' , '/admin_zhengyuanhong.php/index/login?url=%2Fadmin_zhengyuanhong.php' , 0 , 'Unknown' , 'Mozilla/5.0 (Windows NT 10.0; Win64; x64) AppleWebKit/537.36 (KHTML, like Gecko) Chrome/75.0.3770.100 Safari/537.36' , '127.0.0.1' , 1562474793) [ RunTime:0.001645s ]
---------------------------------------------------------------
[ 2019-07-07T12:46:33+08:00 ] 127.0.0.1 GET localhost/index.php?s=/captcha&r=0.9211410037972083
[运行时间：0.039025s] [吞吐率：25.62req/s] [内存消耗：1,631.92kb] [文件加载：106]
[ info ] [ BEHAVIOR ] Run Closure @app_init [ RunTime:0.000014s ]
[ info ] [ CACHE ] INIT File
[ info ] [ BEHAVIOR ] Run Closure @app_init [ RunTime:0.001443s ]
[ info ] [ LANG ] D:\phpstart\PHPTutorial\WWW\ownObj\thinkphp\lang\zh-cn.php
[ info ] [ ROUTE ] array (
  'type' => 'method',
  'method' => 
  array (
    0 => '\\think\\captcha\\CaptchaController',
    1 => 'index',
  ),
  'var' => 
  array (
  ),
)
[ info ] [ HEADER ] array (
  'cookie' => 'pgv_pvi=6098415616; _ga=GA1.1.1216734665.1554999946; keeplogin=1%7C86400%7C1562411387%7C069eafe4d3833c7cbec3cf4f5660284b; Hm_lvt_f8d0a8c400404989e195270b0bbf060a=1562428957,1562461153,1562470156,1562474619; Hm_lpvt_f8d0a8c400404989e195270b0bbf060a=1562474619; PHPSESSID=70p60bkhetk4shtdao5lissu7o',
  'accept-language' => 'zh-CN,zh;q=0.9',
  'accept-encoding' => 'gzip, deflate, br',
  'referer' => 'http://localhost/admin_zhengyuanhong.php/index/login?url=%2Fadmin_zhengyuanhong.php',
  'accept' => 'image/webp,image/apng,image/*,*/*;q=0.8',
  'user-agent' => 'Mozilla/5.0 (Windows NT 10.0; Win64; x64) AppleWebKit/537.36 (KHTML, like Gecko) Chrome/75.0.3770.100 Safari/537.36',
  'connection' => 'keep-alive',
  'host' => 'localhost',
  'content-length' => '',
  'content-type' => '',
)
[ info ] [ PARAM ] array (
  'r' => '0.9211410037972083',
  'id' => NULL,
)
[ info ] [ RUN ] think\captcha\CaptchaController->index[ D:\phpstart\PHPTutorial\WWW\ownObj\vendor\topthink\think-captcha\src\CaptchaController.php ]
[ info ] [ SESSION ] INIT array (
  'id' => '',
  'var_session_id' => '',
  'prefix' => 'think',
  'type' => '',
  'auto_start' => true,
)
[ info ] [ LOG ] INIT File
---------------------------------------------------------------
[ 2019-07-07T12:46:54+08:00 ] 127.0.0.1 POST localhost/admin_zhengyuanhong.php/index/login?url=%2Fadmin_zhengyuanhong.php
[运行时间：0.103971s] [吞吐率：9.62req/s] [内存消耗：3,310.55kb] [文件加载：137]
[ info ] [ BEHAVIOR ] Run Closure @app_init [ RunTime:0.000085s ]
[ info ] [ CACHE ] INIT File
[ info ] [ BEHAVIOR ] Run Closure @app_init [ RunTime:0.001953s ]
[ info ] [ LANG ] D:\phpstart\PHPTutorial\WWW\ownObj\thinkphp\lang\zh-cn.php
[ info ] [ ROUTE ] array (
  'type' => 'module',
  'module' => 
  array (
    0 => 'admin',
    1 => 'index',
    2 => 'login',
  ),
)
[ info ] [ HEADER ] array (
  'cookie' => 'pgv_pvi=6098415616; _ga=GA1.1.1216734665.1554999946; keeplogin=1%7C86400%7C1562411387%7C069eafe4d3833c7cbec3cf4f5660284b; Hm_lvt_f8d0a8c400404989e195270b0bbf060a=1562428957,1562461153,1562470156,1562474619; Hm_lpvt_f8d0a8c400404989e195270b0bbf060a=1562474619; PHPSESSID=70p60bkhetk4shtdao5lissu7o',
  'accept-language' => 'zh-CN,zh;q=0.9',
  'accept-encoding' => 'gzip, deflate, br',
  'referer' => 'http://localhost/admin_zhengyuanhong.php/index/login?url=%2Fadmin_zhengyuanhong.php',
  'content-type' => 'application/x-www-form-urlencoded; charset=UTF-8',
  'user-agent' => 'Mozilla/5.0 (Windows NT 10.0; Win64; x64) AppleWebKit/537.36 (KHTML, like Gecko) Chrome/75.0.3770.100 Safari/537.36',
  'x-requested-with' => 'XMLHttpRequest',
  'origin' => 'http://localhost',
  'accept' => 'application/json, text/javascript, */*; q=0.01',
  'content-length' => '98',
  'connection' => 'keep-alive',
  'host' => 'localhost',
)
[ info ] [ PARAM ] array (
  'url' => '/admin_zhengyuanhong.php',
  '__token__' => 'd47a27ed8f259c13a56906b25a03efec',
  'username' => 'admin',
  'password' => '123456',
  'captcha' => 'Z4XK',
  'keeplogin' => '1',
)
[ info ] [ LANG ] D:\phpstart\PHPTutorial\WWW\ownObj\public/../application/admin\lang\zh-cn.php
[ info ] [ BEHAVIOR ] Run app\common\behavior\Common @module_init [ RunTime:0.001255s ]
[ info ] [ SESSION ] INIT array (
  'id' => '',
  'var_session_id' => '',
  'prefix' => 'think',
  'type' => '',
  'auto_start' => true,
)
[ info ] [ LANG ] D:\phpstart\PHPTutorial\WWW\ownObj\public/../application/admin/lang/zh-cn/index.php
[ info ] [ RUN ] app\admin\controller\Index->login[ D:\phpstart\PHPTutorial\WWW\ownObj\application\admin\controller\Index.php ]
[ info ] [ DB ] INIT mysql
[ info ] [ BEHAVIOR ] Run app\admin\behavior\AdminLog @app_end [ RunTime:0.014330s ]
[ info ] [ LOG ] INIT File
[ sql ] [ DB ] CONNECT:[ UseTime:0.011197s ] mysql:host=127.0.0.1;port=3306;dbname=fastadmin;charset=utf8
[ sql ] [ SQL ] SHOW COLUMNS FROM `fa_admin` [ RunTime:0.019665s ]
[ sql ] [ SQL ] SELECT * FROM `fa_admin` WHERE  `username` = 'admin' LIMIT 1 [ RunTime:0.000538s ]
[ sql ] [ SQL ] UPDATE `fa_admin`  SET `loginfailure`=0,`logintime`=1562474814,`token`='7537ba50-ae63-44f3-b302-b290309e5cb6',`updatetime`=1562474814  WHERE  `id` = 1 [ RunTime:0.002212s ]
[ sql ] [ SQL ] SHOW COLUMNS FROM `fa_admin_log` [ RunTime:0.012485s ]
[ sql ] [ SQL ] INSERT INTO `fa_admin_log` (`title` , `content` , `url` , `admin_id` , `username` , `useragent` , `ip` , `createtime`) VALUES ('登录' , '{\"url\":\"\\/admin_zhengyuanhong.php\",\"__token__\":\"d47a27ed8f259c13a56906b25a03efec\",\"username\":\"admin\",\"captcha\":\"Z4XK\",\"keeplogin\":\"1\"}' , '/admin_zhengyuanhong.php/index/login?url=%2Fadmin_zhengyuanhong.php' , 1 , 'admin' , 'Mozilla/5.0 (Windows NT 10.0; Win64; x64) AppleWebKit/537.36 (KHTML, like Gecko) Chrome/75.0.3770.100 Safari/537.36' , '127.0.0.1' , 1562474814) [ RunTime:0.001324s ]
---------------------------------------------------------------
[ 2019-07-07T12:46:55+08:00 ] 127.0.0.1 GET localhost/admin_zhengyuanhong.php
[运行时间：0.135461s] [吞吐率：7.38req/s] [内存消耗：3,492.40kb] [文件加载：145]
[ info ] [ BEHAVIOR ] Run Closure @app_init [ RunTime:0.000015s ]
[ info ] [ CACHE ] INIT File
[ info ] [ BEHAVIOR ] Run Closure @app_init [ RunTime:0.002419s ]
[ info ] [ LANG ] D:\phpstart\PHPTutorial\WWW\ownObj\thinkphp\lang\zh-cn.php
[ info ] [ ROUTE ] array (
  'type' => 'module',
  'module' => 
  array (
    0 => 'admin',
    1 => NULL,
    2 => NULL,
  ),
)
[ info ] [ HEADER ] array (
  'cookie' => 'pgv_pvi=6098415616; _ga=GA1.1.1216734665.1554999946; Hm_lvt_f8d0a8c400404989e195270b0bbf060a=1562428957,1562461153,1562470156,1562474619; Hm_lpvt_f8d0a8c400404989e195270b0bbf060a=1562474619; PHPSESSID=70p60bkhetk4shtdao5lissu7o; keeplogin=1%7C86400%7C1562561214%7C02b7fd85e017234ad475002d49b1cf69',
  'accept-language' => 'zh-CN,zh;q=0.9',
  'accept-encoding' => 'gzip, deflate, br',
  'referer' => 'http://localhost/admin_zhengyuanhong.php/index/login?url=%2Fadmin_zhengyuanhong.php',
  'accept' => 'text/html,application/xhtml+xml,application/xml;q=0.9,image/webp,image/apng,*/*;q=0.8,application/signed-exchange;v=b3',
  'user-agent' => 'Mozilla/5.0 (Windows NT 10.0; Win64; x64) AppleWebKit/537.36 (KHTML, like Gecko) Chrome/75.0.3770.100 Safari/537.36',
  'upgrade-insecure-requests' => '1',
  'connection' => 'keep-alive',
  'host' => 'localhost',
  'content-length' => '',
  'content-type' => '',
)
[ info ] [ PARAM ] array (
)
[ info ] [ LANG ] D:\phpstart\PHPTutorial\WWW\ownObj\public/../application/admin\lang\zh-cn.php
[ info ] [ BEHAVIOR ] Run app\common\behavior\Common @module_init [ RunTime:0.001293s ]
[ info ] [ SESSION ] INIT array (
  'id' => '',
  'var_session_id' => '',
  'prefix' => 'think',
  'type' => '',
  'auto_start' => true,
)
[ info ] [ LANG ] D:\phpstart\PHPTutorial\WWW\ownObj\public/../application/admin/lang/zh-cn/index.php
[ info ] [ RUN ] app\admin\controller\Index->index[ D:\phpstart\PHPTutorial\WWW\ownObj\application\admin\controller\Index.php ]
[ info ] [ DB ] INIT mysql
[ info ] [ VIEW ] D:\phpstart\PHPTutorial\WWW\ownObj\public/../application/admin\view\index\index.html [ array (
  0 => 'breadcrumb',
  1 => 'site',
  2 => 'config',
  3 => 'auth',
  4 => 'admin',
  5 => 'menulist',
  6 => 'navlist',
  7 => 'fixedmenu',
  8 => 'referermenu',
  9 => 'title',
) ]
[ info ] [ BEHAVIOR ] Run app\admin\behavior\AdminLog @app_end [ RunTime:0.000243s ]
[ info ] [ LOG ] INIT File
[ sql ] [ DB ] CONNECT:[ UseTime:0.012325s ] mysql:host=127.0.0.1;port=3306;dbname=fastadmin;charset=utf8
[ sql ] [ SQL ] SHOW COLUMNS FROM `fa_auth_group_access` [ RunTime:0.014848s ]
[ sql ] [ SQL ] SELECT `aga`.`uid`,`aga`.`group_id`,`ag`.`id`,`ag`.`pid`,`ag`.`name`,`ag`.`rules` FROM `fa_auth_group_access` `aga` LEFT JOIN `fa_auth_group` `ag` ON `aga`.`group_id`=`ag`.`id` WHERE  (  aga.uid='1' and ag.status='normal' ) [ RunTime:0.000972s ]
[ sql ] [ SQL ] SHOW COLUMNS FROM `fa_auth_rule` [ RunTime:0.014535s ]
[ sql ] [ SQL ] SELECT `id`,`pid`,`condition`,`icon`,`name`,`title`,`ismenu` FROM `fa_auth_rule` WHERE  `status` = 'normal' [ RunTime:0.000635s ]
[ sql ] [ SQL ] SELECT `name`,`pid` FROM `fa_auth_rule` WHERE  `status` = 'normal'  AND `ismenu` = 0  AND `name` LIKE '%/index' [ RunTime:0.000421s ]
---------------------------------------------------------------
[ 2019-07-07T12:46:55+08:00 ] 127.0.0.1 GET localhost/admin_zhengyuanhong.php/dashboard?addtabs=1
[运行时间：0.104983s] [吞吐率：9.53req/s] [内存消耗：3,406.28kb] [文件加载：135]
[ info ] [ BEHAVIOR ] Run Closure @app_init [ RunTime:0.000020s ]
[ info ] [ CACHE ] INIT File
[ info ] [ BEHAVIOR ] Run Closure @app_init [ RunTime:0.002981s ]
[ info ] [ LANG ] D:\phpstart\PHPTutorial\WWW\ownObj\thinkphp\lang\zh-cn.php
[ info ] [ ROUTE ] array (
  'type' => 'module',
  'module' => 
  array (
    0 => 'admin',
    1 => 'dashboard',
    2 => NULL,
  ),
)
[ info ] [ HEADER ] array (
  'cookie' => 'pgv_pvi=6098415616; _ga=GA1.1.1216734665.1554999946; Hm_lvt_f8d0a8c400404989e195270b0bbf060a=1562428957,1562461153,1562470156,1562474619; Hm_lpvt_f8d0a8c400404989e195270b0bbf060a=1562474619; PHPSESSID=70p60bkhetk4shtdao5lissu7o; keeplogin=1%7C86400%7C1562561214%7C02b7fd85e017234ad475002d49b1cf69',
  'accept-language' => 'zh-CN,zh;q=0.9',
  'accept-encoding' => 'gzip, deflate, br',
  'referer' => 'http://localhost/admin_zhengyuanhong.php',
  'accept' => 'text/html,application/xhtml+xml,application/xml;q=0.9,image/webp,image/apng,*/*;q=0.8,application/signed-exchange;v=b3',
  'user-agent' => 'Mozilla/5.0 (Windows NT 10.0; Win64; x64) AppleWebKit/537.36 (KHTML, like Gecko) Chrome/75.0.3770.100 Safari/537.36',
  'upgrade-insecure-requests' => '1',
  'connection' => 'keep-alive',
  'host' => 'localhost',
  'content-length' => '',
  'content-type' => '',
)
[ info ] [ PARAM ] array (
  'addtabs' => '1',
)
[ info ] [ LANG ] D:\phpstart\PHPTutorial\WWW\ownObj\public/../application/admin\lang\zh-cn.php
[ info ] [ BEHAVIOR ] Run app\common\behavior\Common @module_init [ RunTime:0.001603s ]
[ info ] [ SESSION ] INIT array (
  'id' => '',
  'var_session_id' => '',
  'prefix' => 'think',
  'type' => '',
  'auto_start' => true,
)
[ info ] [ DB ] INIT mysql
[ info ] [ LANG ] D:\phpstart\PHPTutorial\WWW\ownObj\public/../application/admin/lang/zh-cn/dashboard.php
[ info ] [ RUN ] app\admin\controller\Dashboard->index[ D:\phpstart\PHPTutorial\WWW\ownObj\application\admin\controller\Dashboard.php ]
[ info ] [ VIEW ] D:\phpstart\PHPTutorial\WWW\ownObj\public/../application/admin\view\dashboard\index.html [ array (
  0 => 'breadcrumb',
  1 => 'site',
  2 => 'config',
  3 => 'auth',
  4 => 'admin',
  5 => 'totaluser',
  6 => 'totalviews',
  7 => 'totalorder',
  8 => 'totalorderamount',
  9 => 'todayuserlogin',
  10 => 'todayusersignup',
  11 => 'todayorder',
  12 => 'unsettleorder',
  13 => 'sevendnu',
  14 => 'sevendau',
  15 => 'paylist',
  16 => 'createlist',
  17 => 'addonversion',
  18 => 'uploadmode',
) ]
[ info ] [ BEHAVIOR ] Run app\admin\behavior\AdminLog @app_end [ RunTime:0.000250s ]
[ info ] [ LOG ] INIT File
[ sql ] [ DB ] CONNECT:[ UseTime:0.000631s ] mysql:host=127.0.0.1;port=3306;dbname=fastadmin;charset=utf8
[ sql ] [ SQL ] SHOW COLUMNS FROM `fa_auth_group_access` [ RunTime:0.012623s ]
[ sql ] [ SQL ] SELECT `aga`.`uid`,`aga`.`group_id`,`ag`.`id`,`ag`.`pid`,`ag`.`name`,`ag`.`rules` FROM `fa_auth_group_access` `aga` LEFT JOIN `fa_auth_group` `ag` ON `aga`.`group_id`=`ag`.`id` WHERE  (  aga.uid='1' and ag.status='normal' ) [ RunTime:0.000514s ]
[ sql ] [ SQL ] SHOW COLUMNS FROM `fa_auth_rule` [ RunTime:0.016854s ]
[ sql ] [ SQL ] SELECT `id`,`pid`,`condition`,`icon`,`name`,`title`,`ismenu` FROM `fa_auth_rule` WHERE  `status` = 'normal' [ RunTime:0.000673s ]
[ sql ] [ SQL ] SELECT `title`,`remark` FROM `fa_auth_rule` WHERE  `name` = 'dashboard' LIMIT 1 [ RunTime:0.000569s ]
---------------------------------------------------------------
[ 2019-07-07T12:46:55+08:00 ] 127.0.0.1 GET localhost/admin_zhengyuanhong.php/ajax/lang?callback=define&controllername=index&v=1562474814
[运行时间：0.046941s] [吞吐率：21.30req/s] [内存消耗：2,580.30kb] [文件加载：126]
[ info ] [ BEHAVIOR ] Run Closure @app_init [ RunTime:0.000029s ]
[ info ] [ CACHE ] INIT File
[ info ] [ BEHAVIOR ] Run Closure @app_init [ RunTime:0.001671s ]
[ info ] [ LANG ] D:\phpstart\PHPTutorial\WWW\ownObj\thinkphp\lang\zh-cn.php
[ info ] [ ROUTE ] array (
  'type' => 'module',
  'module' => 
  array (
    0 => 'admin',
    1 => 'ajax',
    2 => 'lang',
  ),
)
[ info ] [ HEADER ] array (
  'cookie' => 'pgv_pvi=6098415616; _ga=GA1.1.1216734665.1554999946; Hm_lvt_f8d0a8c400404989e195270b0bbf060a=1562428957,1562461153,1562470156,1562474619; Hm_lpvt_f8d0a8c400404989e195270b0bbf060a=1562474619; PHPSESSID=70p60bkhetk4shtdao5lissu7o; keeplogin=1%7C86400%7C1562561214%7C02b7fd85e017234ad475002d49b1cf69',
  'accept-language' => 'zh-CN,zh;q=0.9',
  'accept-encoding' => 'gzip, deflate, br',
  'referer' => 'http://localhost/admin_zhengyuanhong.php',
  'accept' => '*/*',
  'user-agent' => 'Mozilla/5.0 (Windows NT 10.0; Win64; x64) AppleWebKit/537.36 (KHTML, like Gecko) Chrome/75.0.3770.100 Safari/537.36',
  'connection' => 'keep-alive',
  'host' => 'localhost',
  'content-length' => '',
  'content-type' => '',
)
[ info ] [ PARAM ] array (
  'callback' => 'define',
  'controllername' => 'index',
  'v' => '1562474814',
)
[ info ] [ LANG ] D:\phpstart\PHPTutorial\WWW\ownObj\public/../application/admin\lang\zh-cn.php
[ info ] [ BEHAVIOR ] Run app\common\behavior\Common @module_init [ RunTime:0.002280s ]
[ info ] [ SESSION ] INIT array (
  'id' => '',
  'var_session_id' => '',
  'prefix' => 'think',
  'type' => '',
  'auto_start' => true,
)
[ info ] [ LANG ] D:\phpstart\PHPTutorial\WWW\ownObj\public/../application/admin/lang/zh-cn/ajax.php
[ info ] [ RUN ] app\admin\controller\Ajax->lang[ D:\phpstart\PHPTutorial\WWW\ownObj\application\admin\controller\Ajax.php ]
[ info ] [ LANG ] D:\phpstart\PHPTutorial\WWW\ownObj\public/../application/admin/lang/zh-cn/index.php
[ info ] [ BEHAVIOR ] Run app\admin\behavior\AdminLog @app_end [ RunTime:0.000251s ]
[ info ] [ LOG ] INIT File
---------------------------------------------------------------
[ 2019-07-07T12:46:55+08:00 ] 127.0.0.1 GET localhost/admin_zhengyuanhong.php/ajax/lang?callback=define&controllername=dashboard&v=1562474815
[运行时间：0.081942s] [吞吐率：12.20req/s] [内存消耗：2,579.84kb] [文件加载：126]
[ info ] [ BEHAVIOR ] Run Closure @app_init [ RunTime:0.000024s ]
[ info ] [ CACHE ] INIT File
[ info ] [ BEHAVIOR ] Run Closure @app_init [ RunTime:0.005716s ]
[ info ] [ LANG ] D:\phpstart\PHPTutorial\WWW\ownObj\thinkphp\lang\zh-cn.php
[ info ] [ ROUTE ] array (
  'type' => 'module',
  'module' => 
  array (
    0 => 'admin',
    1 => 'ajax',
    2 => 'lang',
  ),
)
[ info ] [ HEADER ] array (
  'cookie' => 'pgv_pvi=6098415616; _ga=GA1.1.1216734665.1554999946; Hm_lvt_f8d0a8c400404989e195270b0bbf060a=1562428957,1562461153,1562470156,1562474619; Hm_lpvt_f8d0a8c400404989e195270b0bbf060a=1562474619; PHPSESSID=70p60bkhetk4shtdao5lissu7o; keeplogin=1%7C86400%7C1562561214%7C02b7fd85e017234ad475002d49b1cf69',
  'accept-language' => 'zh-CN,zh;q=0.9',
  'accept-encoding' => 'gzip, deflate, br',
  'referer' => 'http://localhost/admin_zhengyuanhong.php/dashboard?addtabs=1',
  'accept' => '*/*',
  'user-agent' => 'Mozilla/5.0 (Windows NT 10.0; Win64; x64) AppleWebKit/537.36 (KHTML, like Gecko) Chrome/75.0.3770.100 Safari/537.36',
  'connection' => 'keep-alive',
  'host' => 'localhost',
  'content-length' => '',
  'content-type' => '',
)
[ info ] [ PARAM ] array (
  'callback' => 'define',
  'controllername' => 'dashboard',
  'v' => '1562474815',
)
[ info ] [ LANG ] D:\phpstart\PHPTutorial\WWW\ownObj\public/../application/admin\lang\zh-cn.php
[ info ] [ BEHAVIOR ] Run app\common\behavior\Common @module_init [ RunTime:0.001804s ]
[ info ] [ SESSION ] INIT array (
  'id' => '',
  'var_session_id' => '',
  'prefix' => 'think',
  'type' => '',
  'auto_start' => true,
)
[ info ] [ LANG ] D:\phpstart\PHPTutorial\WWW\ownObj\public/../application/admin/lang/zh-cn/ajax.php
[ info ] [ RUN ] app\admin\controller\Ajax->lang[ D:\phpstart\PHPTutorial\WWW\ownObj\application\admin\controller\Ajax.php ]
[ info ] [ LANG ] D:\phpstart\PHPTutorial\WWW\ownObj\public/../application/admin/lang/zh-cn/dashboard.php
[ info ] [ BEHAVIOR ] Run app\admin\behavior\AdminLog @app_end [ RunTime:0.000249s ]
[ info ] [ LOG ] INIT File
---------------------------------------------------------------
[ 2019-07-07T12:47:03+08:00 ] 127.0.0.1 GET localhost/admin_zhengyuanhong.php/addon?addtabs=1
[运行时间：0.109388s] [吞吐率：9.14req/s] [内存消耗：3,398.57kb] [文件加载：133]
[ info ] [ BEHAVIOR ] Run Closure @app_init [ RunTime:0.000037s ]
[ info ] [ CACHE ] INIT File
[ info ] [ BEHAVIOR ] Run Closure @app_init [ RunTime:0.002230s ]
[ info ] [ LANG ] D:\phpstart\PHPTutorial\WWW\ownObj\thinkphp\lang\zh-cn.php
[ info ] [ ROUTE ] array (
  'type' => 'module',
  'module' => 
  array (
    0 => 'admin',
    1 => 'addon',
    2 => NULL,
  ),
)
[ info ] [ HEADER ] array (
  'cookie' => 'pgv_pvi=6098415616; _ga=GA1.1.1216734665.1554999946; Hm_lvt_f8d0a8c400404989e195270b0bbf060a=1562428957,1562461153,1562470156,1562474619; Hm_lpvt_f8d0a8c400404989e195270b0bbf060a=1562474619; PHPSESSID=70p60bkhetk4shtdao5lissu7o; keeplogin=1%7C86400%7C1562561214%7C02b7fd85e017234ad475002d49b1cf69',
  'accept-language' => 'zh-CN,zh;q=0.9',
  'accept-encoding' => 'gzip, deflate, br',
  'referer' => 'http://localhost/admin_zhengyuanhong.php/addon?ref=addtabs',
  'accept' => 'text/html,application/xhtml+xml,application/xml;q=0.9,image/webp,image/apng,*/*;q=0.8,application/signed-exchange;v=b3',
  'user-agent' => 'Mozilla/5.0 (Windows NT 10.0; Win64; x64) AppleWebKit/537.36 (KHTML, like Gecko) Chrome/75.0.3770.100 Safari/537.36',
  'upgrade-insecure-requests' => '1',
  'connection' => 'keep-alive',
  'host' => 'localhost',
  'content-length' => '',
  'content-type' => '',
)
[ info ] [ PARAM ] array (
  'addtabs' => '1',
)
[ info ] [ LANG ] D:\phpstart\PHPTutorial\WWW\ownObj\public/../application/admin\lang\zh-cn.php
[ info ] [ BEHAVIOR ] Run app\common\behavior\Common @module_init [ RunTime:0.001265s ]
[ info ] [ SESSION ] INIT array (
  'id' => '',
  'var_session_id' => '',
  'prefix' => 'think',
  'type' => '',
  'auto_start' => true,
)
[ info ] [ DB ] INIT mysql
[ info ] [ LANG ] D:\phpstart\PHPTutorial\WWW\ownObj\public/../application/admin/lang/zh-cn/addon.php
[ info ] [ RUN ] app\admin\controller\Addon->index[ D:\phpstart\PHPTutorial\WWW\ownObj\application\admin\controller\Addon.php ]
[ info ] [ VIEW ] D:\phpstart\PHPTutorial\WWW\ownObj\public/../application/admin\view\addon\index.html [ array (
  0 => 'breadcrumb',
  1 => 'site',
  2 => 'config',
  3 => 'auth',
  4 => 'admin',
) ]
[ info ] [ BEHAVIOR ] Run app\admin\behavior\AdminLog @app_end [ RunTime:0.000247s ]
[ info ] [ LOG ] INIT File
[ sql ] [ DB ] CONNECT:[ UseTime:0.011234s ] mysql:host=127.0.0.1;port=3306;dbname=fastadmin;charset=utf8
[ sql ] [ SQL ] SHOW COLUMNS FROM `fa_auth_group_access` [ RunTime:0.019029s ]
[ sql ] [ SQL ] SELECT `aga`.`uid`,`aga`.`group_id`,`ag`.`id`,`ag`.`pid`,`ag`.`name`,`ag`.`rules` FROM `fa_auth_group_access` `aga` LEFT JOIN `fa_auth_group` `ag` ON `aga`.`group_id`=`ag`.`id` WHERE  (  aga.uid='1' and ag.status='normal' ) [ RunTime:0.000456s ]
[ sql ] [ SQL ] SHOW COLUMNS FROM `fa_auth_rule` [ RunTime:0.010974s ]
[ sql ] [ SQL ] SELECT `id`,`pid`,`condition`,`icon`,`name`,`title`,`ismenu` FROM `fa_auth_rule` WHERE  `status` = 'normal' [ RunTime:0.000681s ]
[ sql ] [ SQL ] SELECT `title`,`remark` FROM `fa_auth_rule` WHERE  `name` = 'addon' LIMIT 1 [ RunTime:0.000667s ]
---------------------------------------------------------------
[ 2019-07-07T12:47:04+08:00 ] 127.0.0.1 GET localhost/admin_zhengyuanhong.php/ajax/lang?callback=define&controllername=addon&v=1562474823
[运行时间：0.043083s] [吞吐率：23.21req/s] [内存消耗：2,598.70kb] [文件加载：126]
[ info ] [ BEHAVIOR ] Run Closure @app_init [ RunTime:0.000030s ]
[ info ] [ CACHE ] INIT File
[ info ] [ BEHAVIOR ] Run Closure @app_init [ RunTime:0.001503s ]
[ info ] [ LANG ] D:\phpstart\PHPTutorial\WWW\ownObj\thinkphp\lang\zh-cn.php
[ info ] [ ROUTE ] array (
  'type' => 'module',
  'module' => 
  array (
    0 => 'admin',
    1 => 'ajax',
    2 => 'lang',
  ),
)
[ info ] [ HEADER ] array (
  'cookie' => 'pgv_pvi=6098415616; _ga=GA1.1.1216734665.1554999946; Hm_lvt_f8d0a8c400404989e195270b0bbf060a=1562428957,1562461153,1562470156,1562474619; Hm_lpvt_f8d0a8c400404989e195270b0bbf060a=1562474619; PHPSESSID=70p60bkhetk4shtdao5lissu7o; keeplogin=1%7C86400%7C1562561214%7C02b7fd85e017234ad475002d49b1cf69',
  'accept-language' => 'zh-CN,zh;q=0.9',
  'accept-encoding' => 'gzip, deflate, br',
  'referer' => 'http://localhost/admin_zhengyuanhong.php/addon?addtabs=1',
  'accept' => '*/*',
  'user-agent' => 'Mozilla/5.0 (Windows NT 10.0; Win64; x64) AppleWebKit/537.36 (KHTML, like Gecko) Chrome/75.0.3770.100 Safari/537.36',
  'connection' => 'keep-alive',
  'host' => 'localhost',
  'content-length' => '',
  'content-type' => '',
)
[ info ] [ PARAM ] array (
  'callback' => 'define',
  'controllername' => 'addon',
  'v' => '1562474823',
)
[ info ] [ LANG ] D:\phpstart\PHPTutorial\WWW\ownObj\public/../application/admin\lang\zh-cn.php
[ info ] [ BEHAVIOR ] Run app\common\behavior\Common @module_init [ RunTime:0.001221s ]
[ info ] [ SESSION ] INIT array (
  'id' => '',
  'var_session_id' => '',
  'prefix' => 'think',
  'type' => '',
  'auto_start' => true,
)
[ info ] [ LANG ] D:\phpstart\PHPTutorial\WWW\ownObj\public/../application/admin/lang/zh-cn/ajax.php
[ info ] [ RUN ] app\admin\controller\Ajax->lang[ D:\phpstart\PHPTutorial\WWW\ownObj\application\admin\controller\Ajax.php ]
[ info ] [ LANG ] D:\phpstart\PHPTutorial\WWW\ownObj\public/../application/admin/lang/zh-cn/addon.php
[ info ] [ BEHAVIOR ] Run app\admin\behavior\AdminLog @app_end [ RunTime:0.000230s ]
[ info ] [ LOG ] INIT File
---------------------------------------------------------------
[ 2019-07-07T12:47:10+08:00 ] 127.0.0.1 POST localhost/admin_zhengyuanhong.php/addon/install
[运行时间：1.164346s] [吞吐率：0.86req/s] [内存消耗：3,509.84kb] [文件加载：143]
[ info ] [ BEHAVIOR ] Run Closure @app_init [ RunTime:0.000014s ]
[ info ] [ CACHE ] INIT File
[ info ] [ BEHAVIOR ] Run Closure @app_init [ RunTime:0.001402s ]
[ info ] [ LANG ] D:\phpstart\PHPTutorial\WWW\ownObj\thinkphp\lang\zh-cn.php
[ info ] [ ROUTE ] array (
  'type' => 'module',
  'module' => 
  array (
    0 => 'admin',
    1 => 'addon',
    2 => 'install',
  ),
)
[ info ] [ HEADER ] array (
  'cookie' => 'pgv_pvi=6098415616; _ga=GA1.1.1216734665.1554999946; Hm_lvt_f8d0a8c400404989e195270b0bbf060a=1562428957,1562461153,1562470156,1562474619; Hm_lpvt_f8d0a8c400404989e195270b0bbf060a=1562474619; PHPSESSID=70p60bkhetk4shtdao5lissu7o; keeplogin=1%7C86400%7C1562561214%7C02b7fd85e017234ad475002d49b1cf69',
  'accept-language' => 'zh-CN,zh;q=0.9',
  'accept-encoding' => 'gzip, deflate, br',
  'referer' => 'http://localhost/admin_zhengyuanhong.php/addon?addtabs=1',
  'content-type' => 'application/x-www-form-urlencoded; charset=UTF-8',
  'user-agent' => 'Mozilla/5.0 (Windows NT 10.0; Win64; x64) AppleWebKit/537.36 (KHTML, like Gecko) Chrome/75.0.3770.100 Safari/537.36',
  'x-requested-with' => 'XMLHttpRequest',
  'origin' => 'http://localhost',
  'accept' => 'application/json, text/javascript, */*; q=0.01',
  'content-length' => '77',
  'connection' => 'keep-alive',
  'host' => 'localhost',
)
[ info ] [ PARAM ] array (
  'name' => 'command',
  'force' => '0',
  'uid' => '0',
  'token' => '',
  'version' => '1.0.5',
  'faversion' => '1.0.0.20190628_beta',
)
[ info ] [ LANG ] D:\phpstart\PHPTutorial\WWW\ownObj\public/../application/admin\lang\zh-cn.php
[ info ] [ BEHAVIOR ] Run app\common\behavior\Common @module_init [ RunTime:0.001403s ]
[ info ] [ SESSION ] INIT array (
  'id' => '',
  'var_session_id' => '',
  'prefix' => 'think',
  'type' => '',
  'auto_start' => true,
)
[ info ] [ DB ] INIT mysql
[ info ] [ LANG ] D:\phpstart\PHPTutorial\WWW\ownObj\public/../application/admin/lang/zh-cn/addon.php
[ info ] [ RUN ] app\admin\controller\Addon->install[ D:\phpstart\PHPTutorial\WWW\ownObj\application\admin\controller\Addon.php ]
[ info ] [ BEHAVIOR ] Run app\admin\behavior\AdminLog @app_end [ RunTime:0.014211s ]
[ info ] [ LOG ] INIT File
[ sql ] [ DB ] CONNECT:[ UseTime:0.010846s ] mysql:host=127.0.0.1;port=3306;dbname=fastadmin;charset=utf8
[ sql ] [ SQL ] SHOW COLUMNS FROM `fa_auth_group_access` [ RunTime:0.019088s ]
[ sql ] [ SQL ] SELECT `aga`.`uid`,`aga`.`group_id`,`ag`.`id`,`ag`.`pid`,`ag`.`name`,`ag`.`rules` FROM `fa_auth_group_access` `aga` LEFT JOIN `fa_auth_group` `ag` ON `aga`.`group_id`=`ag`.`id` WHERE  (  aga.uid='1' and ag.status='normal' ) [ RunTime:0.000441s ]
[ sql ] [ SQL ] SHOW COLUMNS FROM `fa_auth_rule` [ RunTime:0.011676s ]
[ sql ] [ SQL ] SELECT `id`,`pid`,`condition`,`icon`,`name`,`title`,`ismenu` FROM `fa_auth_rule` WHERE  `status` = 'normal' [ RunTime:0.000707s ]
[ sql ] [ SQL ] INSERT INTO `fa_auth_rule` (`name` , `title` , `icon` , `ismenu` , `pid` , `status` , `createtime` , `updatetime`) VALUES ('command' , '在线命令管理' , 'fa fa-terminal' , 1 , 0 , 'normal' , 1562474830 , 1562474830) [ RunTime:0.001909s ]
[ sql ] [ SQL ] INSERT INTO `fa_auth_rule` (`name` , `title` , `ismenu` , `icon` , `pid` , `status` , `createtime` , `updatetime`) VALUES ('command/index' , '查看' , 0 , 'fa fa-circle-o' , 100 , 'normal' , 1562474830 , 1562474830) [ RunTime:0.001352s ]
[ sql ] [ SQL ] INSERT INTO `fa_auth_rule` (`name` , `title` , `ismenu` , `icon` , `pid` , `status` , `createtime` , `updatetime`) VALUES ('command/add' , '添加' , 0 , 'fa fa-circle-o' , 100 , 'normal' , 1562474830 , 1562474830) [ RunTime:0.001170s ]
[ sql ] [ SQL ] INSERT INTO `fa_auth_rule` (`name` , `title` , `ismenu` , `icon` , `pid` , `status` , `createtime` , `updatetime`) VALUES ('command/detail' , '详情' , 0 , 'fa fa-circle-o' , 100 , 'normal' , 1562474830 , 1562474830) [ RunTime:0.001529s ]
[ sql ] [ SQL ] INSERT INTO `fa_auth_rule` (`name` , `title` , `ismenu` , `icon` , `pid` , `status` , `createtime` , `updatetime`) VALUES ('command/execute' , '运行' , 0 , 'fa fa-circle-o' , 100 , 'normal' , 1562474830 , 1562474830) [ RunTime:0.001374s ]
[ sql ] [ SQL ] INSERT INTO `fa_auth_rule` (`name` , `title` , `ismenu` , `icon` , `pid` , `status` , `createtime` , `updatetime`) VALUES ('command/del' , '删除' , 0 , 'fa fa-circle-o' , 100 , 'normal' , 1562474830 , 1562474830) [ RunTime:0.001153s ]
[ sql ] [ SQL ] INSERT INTO `fa_auth_rule` (`name` , `title` , `ismenu` , `icon` , `pid` , `status` , `createtime` , `updatetime`) VALUES ('command/multi' , '批量更新' , 0 , 'fa fa-circle-o' , 100 , 'normal' , 1562474830 , 1562474830) [ RunTime:0.001477s ]
[ sql ] [ SQL ] SHOW COLUMNS FROM `fa_admin_log` [ RunTime:0.011359s ]
[ sql ] [ SQL ] INSERT INTO `fa_admin_log` (`title` , `content` , `url` , `admin_id` , `username` , `useragent` , `ip` , `createtime`) VALUES ('插件管理 安装' , '{\"name\":\"command\",\"force\":\"0\",\"uid\":\"0\",\"token\":\"\",\"version\":\"1.0.5\",\"faversion\":\"1.0.0.20190628_beta\"}' , '/admin_zhengyuanhong.php/addon/install' , 1 , 'admin' , 'Mozilla/5.0 (Windows NT 10.0; Win64; x64) AppleWebKit/537.36 (KHTML, like Gecko) Chrome/75.0.3770.100 Safari/537.36' , '127.0.0.1' , 1562474830) [ RunTime:0.001505s ]
---------------------------------------------------------------
[ 2019-07-07T12:47:10+08:00 ] 127.0.0.1 POST localhost/admin_zhengyuanhong.php/index/index
[运行时间：0.157211s] [吞吐率：6.36req/s] [内存消耗：3,434.81kb] [文件加载：147]
[ info ] [ BEHAVIOR ] Run Closure @app_init [ RunTime:0.000031s ]
[ info ] [ CACHE ] INIT File
[ info ] [ BEHAVIOR ] Run Closure @app_init [ RunTime:0.002445s ]
[ info ] [ LANG ] D:\phpstart\PHPTutorial\WWW\ownObj\thinkphp\lang\zh-cn.php
[ info ] [ ROUTE ] array (
  'type' => 'module',
  'module' => 
  array (
    0 => 'admin',
    1 => 'index',
    2 => 'index',
  ),
)
[ info ] [ HEADER ] array (
  'cookie' => 'pgv_pvi=6098415616; _ga=GA1.1.1216734665.1554999946; Hm_lvt_f8d0a8c400404989e195270b0bbf060a=1562428957,1562461153,1562470156,1562474619; Hm_lpvt_f8d0a8c400404989e195270b0bbf060a=1562474619; PHPSESSID=70p60bkhetk4shtdao5lissu7o; keeplogin=1%7C86400%7C1562561214%7C02b7fd85e017234ad475002d49b1cf69',
  'accept-language' => 'zh-CN,zh;q=0.9',
  'accept-encoding' => 'gzip, deflate, br',
  'referer' => 'http://localhost/admin_zhengyuanhong.php/addon?ref=addtabs',
  'content-type' => 'application/x-www-form-urlencoded; charset=UTF-8',
  'user-agent' => 'Mozilla/5.0 (Windows NT 10.0; Win64; x64) AppleWebKit/537.36 (KHTML, like Gecko) Chrome/75.0.3770.100 Safari/537.36',
  'x-requested-with' => 'XMLHttpRequest',
  'origin' => 'http://localhost',
  'accept' => 'application/json, text/javascript, */*; q=0.01',
  'content-length' => '18',
  'connection' => 'keep-alive',
  'host' => 'localhost',
)
[ info ] [ PARAM ] array (
  'action' => 'refreshmenu',
)
[ info ] [ LANG ] D:\phpstart\PHPTutorial\WWW\ownObj\public/../application/admin\lang\zh-cn.php
[ info ] [ BEHAVIOR ] Run app\common\behavior\Common @module_init [ RunTime:0.001958s ]
[ info ] [ SESSION ] INIT array (
  'id' => '',
  'var_session_id' => '',
  'prefix' => 'think',
  'type' => '',
  'auto_start' => true,
)
[ info ] [ LANG ] D:\phpstart\PHPTutorial\WWW\ownObj\public/../application/admin/lang/zh-cn/index.php
[ info ] [ RUN ] app\admin\controller\Index->index[ D:\phpstart\PHPTutorial\WWW\ownObj\application\admin\controller\Index.php ]
[ info ] [ DB ] INIT mysql
[ info ] [ BEHAVIOR ] Run app\admin\behavior\AdminLog @app_end [ RunTime:0.017185s ]
[ info ] [ LOG ] INIT File
[ sql ] [ DB ] CONNECT:[ UseTime:0.001495s ] mysql:host=127.0.0.1;port=3306;dbname=fastadmin;charset=utf8
[ sql ] [ SQL ] SHOW COLUMNS FROM `fa_auth_group_access` [ RunTime:0.013532s ]
[ sql ] [ SQL ] SELECT `aga`.`uid`,`aga`.`group_id`,`ag`.`id`,`ag`.`pid`,`ag`.`name`,`ag`.`rules` FROM `fa_auth_group_access` `aga` LEFT JOIN `fa_auth_group` `ag` ON `aga`.`group_id`=`ag`.`id` WHERE  (  aga.uid='1' and ag.status='normal' ) [ RunTime:0.000569s ]
[ sql ] [ SQL ] SHOW COLUMNS FROM `fa_auth_rule` [ RunTime:0.011083s ]
[ sql ] [ SQL ] SELECT `id`,`pid`,`condition`,`icon`,`name`,`title`,`ismenu` FROM `fa_auth_rule` WHERE  `status` = 'normal' [ RunTime:0.000776s ]
[ sql ] [ SQL ] SELECT * FROM `fa_auth_rule` WHERE  `status` = 'normal'  AND `ismenu` = 1 ORDER BY `weigh` DESC [ RunTime:0.000799s ]
[ sql ] [ SQL ] SELECT `name`,`pid` FROM `fa_auth_rule` WHERE  `status` = 'normal'  AND `ismenu` = 0  AND `name` LIKE '%/index' [ RunTime:0.000467s ]
[ sql ] [ SQL ] SHOW COLUMNS FROM `fa_admin_log` [ RunTime:0.014085s ]
[ sql ] [ SQL ] INSERT INTO `fa_admin_log` (`title` , `content` , `url` , `admin_id` , `username` , `useragent` , `ip` , `createtime`) VALUES ('' , '{\"action\":\"refreshmenu\"}' , '/admin_zhengyuanhong.php/index/index' , 1 , 'admin' , 'Mozilla/5.0 (Windows NT 10.0; Win64; x64) AppleWebKit/537.36 (KHTML, like Gecko) Chrome/75.0.3770.100 Safari/537.36' , '127.0.0.1' , 1562474830) [ RunTime:0.001538s ]
---------------------------------------------------------------
[ 2019-07-07T12:47:18+08:00 ] 127.0.0.1 GET localhost/admin_zhengyuanhong.php/ajax/wipecache?type=all&_=1562474815163
[运行时间：0.080497s] [吞吐率：12.42req/s] [内存消耗：2,681.12kb] [文件加载：131]
[ info ] [ BEHAVIOR ] Run Closure @app_init [ RunTime:0.000012s ]
[ info ] [ CACHE ] INIT File
[ info ] [ BEHAVIOR ] Run Closure @app_init [ RunTime:0.001373s ]
[ info ] [ LANG ] D:\phpstart\PHPTutorial\WWW\ownObj\thinkphp\lang\zh-cn.php
[ info ] [ ROUTE ] array (
  'type' => 'module',
  'module' => 
  array (
    0 => 'admin',
    1 => 'ajax',
    2 => 'wipecache',
  ),
)
[ info ] [ HEADER ] array (
  'cookie' => 'pgv_pvi=6098415616; _ga=GA1.1.1216734665.1554999946; Hm_lvt_f8d0a8c400404989e195270b0bbf060a=1562428957,1562461153,1562470156,1562474619; Hm_lpvt_f8d0a8c400404989e195270b0bbf060a=1562474619; PHPSESSID=70p60bkhetk4shtdao5lissu7o; keeplogin=1%7C86400%7C1562561214%7C02b7fd85e017234ad475002d49b1cf69',
  'accept-language' => 'zh-CN,zh;q=0.9',
  'accept-encoding' => 'gzip, deflate, br',
  'referer' => 'http://localhost/admin_zhengyuanhong.php/addon?ref=addtabs',
  'user-agent' => 'Mozilla/5.0 (Windows NT 10.0; Win64; x64) AppleWebKit/537.36 (KHTML, like Gecko) Chrome/75.0.3770.100 Safari/537.36',
  'x-requested-with' => 'XMLHttpRequest',
  'accept' => 'application/json, text/javascript, */*; q=0.01',
  'connection' => 'keep-alive',
  'host' => 'localhost',
  'content-length' => '',
  'content-type' => '',
)
[ info ] [ PARAM ] array (
  'type' => 'all',
  '_' => '1562474815163',
)
[ info ] [ LANG ] D:\phpstart\PHPTutorial\WWW\ownObj\public/../application/admin\lang\zh-cn.php
[ info ] [ BEHAVIOR ] Run app\common\behavior\Common @module_init [ RunTime:0.001199s ]
[ info ] [ SESSION ] INIT array (
  'id' => '',
  'var_session_id' => '',
  'prefix' => 'think',
  'type' => '',
  'auto_start' => true,
)
[ info ] [ LANG ] D:\phpstart\PHPTutorial\WWW\ownObj\public/../application/admin/lang/zh-cn/ajax.php
[ info ] [ RUN ] app\admin\controller\Ajax->wipecache[ D:\phpstart\PHPTutorial\WWW\ownObj\application\admin\controller\Ajax.php ]
[ info ] [ BEHAVIOR ] Run app\admin\behavior\AdminLog @app_end [ RunTime:0.000540s ]
[ info ] [ LOG ] INIT File
---------------------------------------------------------------
[ 2019-07-07T12:47:21+08:00 ] 127.0.0.1 GET localhost/admin_zhengyuanhong.php/command?addtabs=1
[运行时间：0.134174s] [吞吐率：7.45req/s] [内存消耗：3,477.84kb] [文件加载：136]
[ info ] [ BEHAVIOR ] Run Closure @app_init [ RunTime:0.000054s ]
[ info ] [ CACHE ] INIT File
[ info ] [ BEHAVIOR ] Run Closure @app_init [ RunTime:0.002607s ]
[ info ] [ LANG ] D:\phpstart\PHPTutorial\WWW\ownObj\thinkphp\lang\zh-cn.php
[ info ] [ ROUTE ] array (
  'type' => 'module',
  'module' => 
  array (
    0 => 'admin',
    1 => 'command',
    2 => NULL,
  ),
)
[ info ] [ HEADER ] array (
  'cookie' => 'pgv_pvi=6098415616; _ga=GA1.1.1216734665.1554999946; Hm_lvt_f8d0a8c400404989e195270b0bbf060a=1562428957,1562461153,1562470156,1562474619; Hm_lpvt_f8d0a8c400404989e195270b0bbf060a=1562474619; PHPSESSID=70p60bkhetk4shtdao5lissu7o; keeplogin=1%7C86400%7C1562561214%7C02b7fd85e017234ad475002d49b1cf69',
  'accept-language' => 'zh-CN,zh;q=0.9',
  'accept-encoding' => 'gzip, deflate, br',
  'referer' => 'http://localhost/admin_zhengyuanhong.php/command?ref=addtabs',
  'accept' => 'text/html,application/xhtml+xml,application/xml;q=0.9,image/webp,image/apng,*/*;q=0.8,application/signed-exchange;v=b3',
  'user-agent' => 'Mozilla/5.0 (Windows NT 10.0; Win64; x64) AppleWebKit/537.36 (KHTML, like Gecko) Chrome/75.0.3770.100 Safari/537.36',
  'upgrade-insecure-requests' => '1',
  'connection' => 'keep-alive',
  'host' => 'localhost',
  'content-length' => '',
  'content-type' => '',
)
[ info ] [ PARAM ] array (
  'addtabs' => '1',
)
[ info ] [ LANG ] D:\phpstart\PHPTutorial\WWW\ownObj\public/../application/admin\lang\zh-cn.php
[ info ] [ BEHAVIOR ] Run app\common\behavior\Common @module_init [ RunTime:0.001932s ]
[ info ] [ SESSION ] INIT array (
  'id' => '',
  'var_session_id' => '',
  'prefix' => 'think',
  'type' => '',
  'auto_start' => true,
)
[ info ] [ DB ] INIT mysql
[ info ] [ LANG ] D:\phpstart\PHPTutorial\WWW\ownObj\public/../application/admin/lang/zh-cn/command.php
[ info ] [ RUN ] app\common\controller\Backend->index[ D:\phpstart\PHPTutorial\WWW\ownObj\application\admin\library\traits\Backend.php ]
[ info ] [ VIEW ] D:\phpstart\PHPTutorial\WWW\ownObj\public/../application/admin\view\command\index.html [ array (
  0 => 'breadcrumb',
  1 => 'site',
  2 => 'config',
  3 => 'auth',
  4 => 'admin',
  5 => 'statusList',
) ]
[ info ] [ BEHAVIOR ] Run app\admin\behavior\AdminLog @app_end [ RunTime:0.000232s ]
[ info ] [ LOG ] INIT File
[ sql ] [ DB ] CONNECT:[ UseTime:0.000970s ] mysql:host=127.0.0.1;port=3306;dbname=fastadmin;charset=utf8
[ sql ] [ SQL ] SHOW COLUMNS FROM `fa_auth_group_access` [ RunTime:0.013443s ]
[ sql ] [ SQL ] SELECT `aga`.`uid`,`aga`.`group_id`,`ag`.`id`,`ag`.`pid`,`ag`.`name`,`ag`.`rules` FROM `fa_auth_group_access` `aga` LEFT JOIN `fa_auth_group` `ag` ON `aga`.`group_id`=`ag`.`id` WHERE  (  aga.uid='1' and ag.status='normal' ) [ RunTime:0.000405s ]
[ sql ] [ SQL ] SHOW COLUMNS FROM `fa_auth_rule` [ RunTime:0.015259s ]
[ sql ] [ SQL ] SELECT `id`,`pid`,`condition`,`icon`,`name`,`title`,`ismenu` FROM `fa_auth_rule` WHERE  `status` = 'normal' [ RunTime:0.000689s ]
[ sql ] [ SQL ] SELECT `title`,`remark` FROM `fa_auth_rule` WHERE  `name` = 'command' LIMIT 1 [ RunTime:0.000425s ]
---------------------------------------------------------------
[ 2019-07-07T12:47:21+08:00 ] 127.0.0.1 GET localhost/admin_zhengyuanhong.php/ajax/lang?callback=define&controllername=command&v=1562474840
[运行时间：0.045453s] [吞吐率：22.00req/s] [内存消耗：2,577.24kb] [文件加载：126]
[ info ] [ BEHAVIOR ] Run Closure @app_init [ RunTime:0.000012s ]
[ info ] [ CACHE ] INIT File
[ info ] [ BEHAVIOR ] Run Closure @app_init [ RunTime:0.001538s ]
[ info ] [ LANG ] D:\phpstart\PHPTutorial\WWW\ownObj\thinkphp\lang\zh-cn.php
[ info ] [ ROUTE ] array (
  'type' => 'module',
  'module' => 
  array (
    0 => 'admin',
    1 => 'ajax',
    2 => 'lang',
  ),
)
[ info ] [ HEADER ] array (
  'cookie' => 'pgv_pvi=6098415616; _ga=GA1.1.1216734665.1554999946; Hm_lvt_f8d0a8c400404989e195270b0bbf060a=1562428957,1562461153,1562470156,1562474619; Hm_lpvt_f8d0a8c400404989e195270b0bbf060a=1562474619; PHPSESSID=70p60bkhetk4shtdao5lissu7o; keeplogin=1%7C86400%7C1562561214%7C02b7fd85e017234ad475002d49b1cf69',
  'accept-language' => 'zh-CN,zh;q=0.9',
  'accept-encoding' => 'gzip, deflate, br',
  'referer' => 'http://localhost/admin_zhengyuanhong.php/command?addtabs=1',
  'accept' => '*/*',
  'user-agent' => 'Mozilla/5.0 (Windows NT 10.0; Win64; x64) AppleWebKit/537.36 (KHTML, like Gecko) Chrome/75.0.3770.100 Safari/537.36',
  'connection' => 'keep-alive',
  'host' => 'localhost',
  'content-length' => '',
  'content-type' => '',
)
[ info ] [ PARAM ] array (
  'callback' => 'define',
  'controllername' => 'command',
  'v' => '1562474840',
)
[ info ] [ LANG ] D:\phpstart\PHPTutorial\WWW\ownObj\public/../application/admin\lang\zh-cn.php
[ info ] [ BEHAVIOR ] Run app\common\behavior\Common @module_init [ RunTime:0.001191s ]
[ info ] [ SESSION ] INIT array (
  'id' => '',
  'var_session_id' => '',
  'prefix' => 'think',
  'type' => '',
  'auto_start' => true,
)
[ info ] [ LANG ] D:\phpstart\PHPTutorial\WWW\ownObj\public/../application/admin/lang/zh-cn/ajax.php
[ info ] [ RUN ] app\admin\controller\Ajax->lang[ D:\phpstart\PHPTutorial\WWW\ownObj\application\admin\controller\Ajax.php ]
[ info ] [ LANG ] D:\phpstart\PHPTutorial\WWW\ownObj\public/../application/admin/lang/zh-cn/command.php
[ info ] [ BEHAVIOR ] Run app\admin\behavior\AdminLog @app_end [ RunTime:0.000233s ]
[ info ] [ LOG ] INIT File
---------------------------------------------------------------
[ 2019-07-07T12:47:21+08:00 ] 127.0.0.1 GET localhost/admin_zhengyuanhong.php/command/index?sort=id&order=desc&offset=0&limit=10&filter=%7B%7D&op=%7B%7D&_=1562474841083
[运行时间：0.107941s] [吞吐率：9.26req/s] [内存消耗：3,384.63kb] [文件加载：135]
[ info ] [ BEHAVIOR ] Run Closure @app_init [ RunTime:0.000013s ]
[ info ] [ CACHE ] INIT File
[ info ] [ BEHAVIOR ] Run Closure @app_init [ RunTime:0.001413s ]
[ info ] [ LANG ] D:\phpstart\PHPTutorial\WWW\ownObj\thinkphp\lang\zh-cn.php
[ info ] [ ROUTE ] array (
  'type' => 'module',
  'module' => 
  array (
    0 => 'admin',
    1 => 'command',
    2 => 'index',
  ),
)
[ info ] [ HEADER ] array (
  'cookie' => 'pgv_pvi=6098415616; _ga=GA1.1.1216734665.1554999946; Hm_lvt_f8d0a8c400404989e195270b0bbf060a=1562428957,1562461153,1562470156,1562474619; Hm_lpvt_f8d0a8c400404989e195270b0bbf060a=1562474619; PHPSESSID=70p60bkhetk4shtdao5lissu7o; keeplogin=1%7C86400%7C1562561214%7C02b7fd85e017234ad475002d49b1cf69',
  'accept-language' => 'zh-CN,zh;q=0.9',
  'accept-encoding' => 'gzip, deflate, br',
  'referer' => 'http://localhost/admin_zhengyuanhong.php/command?addtabs=1',
  'content-type' => 'application/json',
  'user-agent' => 'Mozilla/5.0 (Windows NT 10.0; Win64; x64) AppleWebKit/537.36 (KHTML, like Gecko) Chrome/75.0.3770.100 Safari/537.36',
  'x-requested-with' => 'XMLHttpRequest',
  'accept' => 'application/json, text/javascript, */*; q=0.01',
  'connection' => 'keep-alive',
  'host' => 'localhost',
  'content-length' => '',
)
[ info ] [ PARAM ] array (
  'sort' => 'id',
  'order' => 'desc',
  'offset' => '0',
  'limit' => '10',
  'filter' => '{}',
  'op' => '{}',
  '_' => '1562474841083',
)
[ info ] [ LANG ] D:\phpstart\PHPTutorial\WWW\ownObj\public/../application/admin\lang\zh-cn.php
[ info ] [ BEHAVIOR ] Run app\common\behavior\Common @module_init [ RunTime:0.001249s ]
[ info ] [ SESSION ] INIT array (
  'id' => '',
  'var_session_id' => '',
  'prefix' => 'think',
  'type' => '',
  'auto_start' => true,
)
[ info ] [ DB ] INIT mysql
[ info ] [ LANG ] D:\phpstart\PHPTutorial\WWW\ownObj\public/../application/admin/lang/zh-cn/command.php
[ info ] [ RUN ] app\common\controller\Backend->index[ D:\phpstart\PHPTutorial\WWW\ownObj\application\admin\library\traits\Backend.php ]
[ info ] [ BEHAVIOR ] Run app\admin\behavior\AdminLog @app_end [ RunTime:0.000235s ]
[ info ] [ LOG ] INIT File
[ sql ] [ DB ] CONNECT:[ UseTime:0.010992s ] mysql:host=127.0.0.1;port=3306;dbname=fastadmin;charset=utf8
[ sql ] [ SQL ] SHOW COLUMNS FROM `fa_auth_group_access` [ RunTime:0.019890s ]
[ sql ] [ SQL ] SELECT `aga`.`uid`,`aga`.`group_id`,`ag`.`id`,`ag`.`pid`,`ag`.`name`,`ag`.`rules` FROM `fa_auth_group_access` `aga` LEFT JOIN `fa_auth_group` `ag` ON `aga`.`group_id`=`ag`.`id` WHERE  (  aga.uid='1' and ag.status='normal' ) [ RunTime:0.000409s ]
[ sql ] [ SQL ] SHOW COLUMNS FROM `fa_auth_rule` [ RunTime:0.012410s ]
[ sql ] [ SQL ] SELECT `id`,`pid`,`condition`,`icon`,`name`,`title`,`ismenu` FROM `fa_auth_rule` WHERE  `status` = 'normal' [ RunTime:0.000570s ]
[ sql ] [ SQL ] SHOW COLUMNS FROM `fa_command` [ RunTime:0.010801s ]
[ sql ] [ SQL ] SELECT COUNT(*) AS tp_count FROM `fa_command` ORDER BY `id` DESC LIMIT 1 [ RunTime:0.000509s ]
[ sql ] [ SQL ] SELECT * FROM `fa_command` ORDER BY `id` DESC LIMIT 0,10 [ RunTime:0.000311s ]
---------------------------------------------------------------
[ 2019-07-07T12:47:23+08:00 ] 127.0.0.1 GET localhost/admin_zhengyuanhong.php/command/add?dialog=1
[运行时间：0.114764s] [吞吐率：8.71req/s] [内存消耗：3,567.40kb] [文件加载：136]
[ info ] [ BEHAVIOR ] Run Closure @app_init [ RunTime:0.000093s ]
[ info ] [ CACHE ] INIT File
[ info ] [ BEHAVIOR ] Run Closure @app_init [ RunTime:0.001950s ]
[ info ] [ LANG ] D:\phpstart\PHPTutorial\WWW\ownObj\thinkphp\lang\zh-cn.php
[ info ] [ ROUTE ] array (
  'type' => 'module',
  'module' => 
  array (
    0 => 'admin',
    1 => 'command',
    2 => 'add',
  ),
)
[ info ] [ HEADER ] array (
  'cookie' => 'pgv_pvi=6098415616; _ga=GA1.1.1216734665.1554999946; Hm_lvt_f8d0a8c400404989e195270b0bbf060a=1562428957,1562461153,1562470156,1562474619; Hm_lpvt_f8d0a8c400404989e195270b0bbf060a=1562474619; PHPSESSID=70p60bkhetk4shtdao5lissu7o; keeplogin=1%7C86400%7C1562561214%7C02b7fd85e017234ad475002d49b1cf69',
  'accept-language' => 'zh-CN,zh;q=0.9',
  'accept-encoding' => 'gzip, deflate, br',
  'referer' => 'http://localhost/admin_zhengyuanhong.php/command?addtabs=1',
  'accept' => 'text/html,application/xhtml+xml,application/xml;q=0.9,image/webp,image/apng,*/*;q=0.8,application/signed-exchange;v=b3',
  'user-agent' => 'Mozilla/5.0 (Windows NT 10.0; Win64; x64) AppleWebKit/537.36 (KHTML, like Gecko) Chrome/75.0.3770.100 Safari/537.36',
  'upgrade-insecure-requests' => '1',
  'connection' => 'keep-alive',
  'host' => 'localhost',
  'content-length' => '',
  'content-type' => '',
)
[ info ] [ PARAM ] array (
  'dialog' => '1',
)
[ info ] [ LANG ] D:\phpstart\PHPTutorial\WWW\ownObj\public/../application/admin\lang\zh-cn.php
[ info ] [ BEHAVIOR ] Run app\common\behavior\Common @module_init [ RunTime:0.001203s ]
[ info ] [ SESSION ] INIT array (
  'id' => '',
  'var_session_id' => '',
  'prefix' => 'think',
  'type' => '',
  'auto_start' => true,
)
[ info ] [ DB ] INIT mysql
[ info ] [ LANG ] D:\phpstart\PHPTutorial\WWW\ownObj\public/../application/admin/lang/zh-cn/command.php
[ info ] [ RUN ] app\admin\controller\Command->add[ D:\phpstart\PHPTutorial\WWW\ownObj\application\admin\controller\Command.php ]
[ info ] [ VIEW ] D:\phpstart\PHPTutorial\WWW\ownObj\public/../application/admin\view\command\add.html [ array (
  0 => 'breadcrumb',
  1 => 'site',
  2 => 'config',
  3 => 'auth',
  4 => 'admin',
  5 => 'statusList',
  6 => 'tableList',
) ]
[ info ] [ BEHAVIOR ] Run app\admin\behavior\AdminLog @app_end [ RunTime:0.000386s ]
[ info ] [ LOG ] INIT File
[ sql ] [ DB ] CONNECT:[ UseTime:0.010846s ] mysql:host=127.0.0.1;port=3306;dbname=fastadmin;charset=utf8
[ sql ] [ SQL ] SHOW COLUMNS FROM `fa_auth_group_access` [ RunTime:0.021476s ]
[ sql ] [ SQL ] SELECT `aga`.`uid`,`aga`.`group_id`,`ag`.`id`,`ag`.`pid`,`ag`.`name`,`ag`.`rules` FROM `fa_auth_group_access` `aga` LEFT JOIN `fa_auth_group` `ag` ON `aga`.`group_id`=`ag`.`id` WHERE  (  aga.uid='1' and ag.status='normal' ) [ RunTime:0.000459s ]
[ sql ] [ SQL ] SHOW COLUMNS FROM `fa_auth_rule` [ RunTime:0.013936s ]
[ sql ] [ SQL ] SELECT `id`,`pid`,`condition`,`icon`,`name`,`title`,`ismenu` FROM `fa_auth_rule` WHERE  `status` = 'normal' [ RunTime:0.000682s ]
[ sql ] [ SQL ] SHOW TABLES [ RunTime:0.001385s ]
---------------------------------------------------------------
[ 2019-07-07T12:47:23+08:00 ] 127.0.0.1 GET localhost/admin_zhengyuanhong.php/ajax/lang?callback=define&controllername=command&v=1562474843
[运行时间：0.052658s] [吞吐率：18.99req/s] [内存消耗：2,577.24kb] [文件加载：126]
[ info ] [ BEHAVIOR ] Run Closure @app_init [ RunTime:0.000013s ]
[ info ] [ CACHE ] INIT File
[ info ] [ BEHAVIOR ] Run Closure @app_init [ RunTime:0.001422s ]
[ info ] [ LANG ] D:\phpstart\PHPTutorial\WWW\ownObj\thinkphp\lang\zh-cn.php
[ info ] [ ROUTE ] array (
  'type' => 'module',
  'module' => 
  array (
    0 => 'admin',
    1 => 'ajax',
    2 => 'lang',
  ),
)
[ info ] [ HEADER ] array (
  'cookie' => 'pgv_pvi=6098415616; _ga=GA1.1.1216734665.1554999946; Hm_lvt_f8d0a8c400404989e195270b0bbf060a=1562428957,1562461153,1562470156,1562474619; Hm_lpvt_f8d0a8c400404989e195270b0bbf060a=1562474619; PHPSESSID=70p60bkhetk4shtdao5lissu7o; keeplogin=1%7C86400%7C1562561214%7C02b7fd85e017234ad475002d49b1cf69',
  'accept-language' => 'zh-CN,zh;q=0.9',
  'accept-encoding' => 'gzip, deflate, br',
  'referer' => 'http://localhost/admin_zhengyuanhong.php/command/add?dialog=1',
  'accept' => '*/*',
  'user-agent' => 'Mozilla/5.0 (Windows NT 10.0; Win64; x64) AppleWebKit/537.36 (KHTML, like Gecko) Chrome/75.0.3770.100 Safari/537.36',
  'connection' => 'keep-alive',
  'host' => 'localhost',
  'content-length' => '',
  'content-type' => '',
)
[ info ] [ PARAM ] array (
  'callback' => 'define',
  'controllername' => 'command',
  'v' => '1562474843',
)
[ info ] [ LANG ] D:\phpstart\PHPTutorial\WWW\ownObj\public/../application/admin\lang\zh-cn.php
[ info ] [ BEHAVIOR ] Run app\common\behavior\Common @module_init [ RunTime:0.001833s ]
[ info ] [ SESSION ] INIT array (
  'id' => '',
  'var_session_id' => '',
  'prefix' => 'think',
  'type' => '',
  'auto_start' => true,
)
[ info ] [ LANG ] D:\phpstart\PHPTutorial\WWW\ownObj\public/../application/admin/lang/zh-cn/ajax.php
[ info ] [ RUN ] app\admin\controller\Ajax->lang[ D:\phpstart\PHPTutorial\WWW\ownObj\application\admin\controller\Ajax.php ]
[ info ] [ LANG ] D:\phpstart\PHPTutorial\WWW\ownObj\public/../application/admin/lang/zh-cn/command.php
[ info ] [ BEHAVIOR ] Run app\admin\behavior\AdminLog @app_end [ RunTime:0.000229s ]
[ info ] [ LOG ] INIT File
---------------------------------------------------------------
[ 2019-07-07T12:47:23+08:00 ] 127.0.0.1 POST localhost/admin_zhengyuanhong.php/command/get_field_list
[运行时间：0.104473s] [吞吐率：9.57req/s] [内存消耗：3,227.73kb] [文件加载：134]
[ info ] [ BEHAVIOR ] Run Closure @app_init [ RunTime:0.000015s ]
[ info ] [ CACHE ] INIT File
[ info ] [ BEHAVIOR ] Run Closure @app_init [ RunTime:0.001414s ]
[ info ] [ LANG ] D:\phpstart\PHPTutorial\WWW\ownObj\thinkphp\lang\zh-cn.php
[ info ] [ ROUTE ] array (
  'type' => 'module',
  'module' => 
  array (
    0 => 'admin',
    1 => 'command',
    2 => 'get_field_list',
  ),
)
[ info ] [ HEADER ] array (
  'cookie' => 'pgv_pvi=6098415616; _ga=GA1.1.1216734665.1554999946; Hm_lvt_f8d0a8c400404989e195270b0bbf060a=1562428957,1562461153,1562470156,1562474619; Hm_lpvt_f8d0a8c400404989e195270b0bbf060a=1562474619; PHPSESSID=70p60bkhetk4shtdao5lissu7o; keeplogin=1%7C86400%7C1562561214%7C02b7fd85e017234ad475002d49b1cf69',
  'accept-language' => 'zh-CN,zh;q=0.9',
  'accept-encoding' => 'gzip, deflate, br',
  'referer' => 'http://localhost/admin_zhengyuanhong.php/command/add?dialog=1',
  'content-type' => 'application/x-www-form-urlencoded; charset=UTF-8',
  'user-agent' => 'Mozilla/5.0 (Windows NT 10.0; Win64; x64) AppleWebKit/537.36 (KHTML, like Gecko) Chrome/75.0.3770.100 Safari/537.36',
  'x-requested-with' => 'XMLHttpRequest',
  'origin' => 'http://localhost',
  'accept' => 'application/json, text/javascript, */*; q=0.01',
  'content-length' => '14',
  'connection' => 'keep-alive',
  'host' => 'localhost',
)
[ info ] [ PARAM ] array (
  'table' => 'fa_admin',
)
[ info ] [ LANG ] D:\phpstart\PHPTutorial\WWW\ownObj\public/../application/admin\lang\zh-cn.php
[ info ] [ BEHAVIOR ] Run app\common\behavior\Common @module_init [ RunTime:0.001875s ]
[ info ] [ SESSION ] INIT array (
  'id' => '',
  'var_session_id' => '',
  'prefix' => 'think',
  'type' => '',
  'auto_start' => true,
)
[ info ] [ LANG ] D:\phpstart\PHPTutorial\WWW\ownObj\public/../application/admin/lang/zh-cn/command.php
[ info ] [ DB ] INIT mysql
[ info ] [ RUN ] app\admin\controller\Command->get_field_list[ D:\phpstart\PHPTutorial\WWW\ownObj\application\admin\controller\Command.php ]
[ info ] [ BEHAVIOR ] Run app\admin\behavior\AdminLog @app_end [ RunTime:0.015604s ]
[ info ] [ LOG ] INIT File
[ sql ] [ DB ] CONNECT:[ UseTime:0.010938s ] mysql:host=127.0.0.1;port=3306;dbname=fastadmin;charset=utf8
[ sql ] [ SQL ] SELECT * FROM `information_schema`.`columns` WHERE TABLE_SCHEMA = 'fastadmin' AND table_name = 'fa_admin' ORDER BY ORDINAL_POSITION [ RunTime:0.012331s ]
[ sql ] [ SQL ] 'fa_admin'fastadmin'HOW COLUMNS FROM `fa_admin_log` [ RunTime:0.011152s ]
[ sql ] [ SQL ] INSERT INTO `fa_admin_log` (`title` , `content` , `url` , `admin_id` , `username` , `useragent` , `ip` , `createtime`) VALUES ('' , '{\"table\":\"fa_admin\"}' , '/admin_zhengyuanhong.php/command/get_field_list' , 1 , 'admin' , 'Mozilla/5.0 (Windows NT 10.0; Win64; x64) AppleWebKit/537.36 (KHTML, like Gecko) Chrome/75.0.3770.100 Safari/537.36' , '127.0.0.1' , 1562474843) [ RunTime:0.002866s ]
---------------------------------------------------------------
[ 2019-07-07T12:48:54+08:00 ] 127.0.0.1 GET localhost/api/Demo/test
[运行时间：0.051007s] [吞吐率：19.61req/s] [内存消耗：2,111.73kb] [文件加载：117]
[ info ] [ BEHAVIOR ] Run Closure @app_init [ RunTime:0.000016s ]
[ info ] [ CACHE ] INIT File
[ info ] [ BEHAVIOR ] Run Closure @app_init [ RunTime:0.001441s ]
[ info ] [ LANG ] D:\phpstart\PHPTutorial\WWW\ownObj\thinkphp\lang\zh-cn.php
[ info ] [ ROUTE ] array (
  'type' => 'module',
  'module' => 
  array (
    0 => 'api',
    1 => 'Demo',
    2 => 'test',
  ),
)
[ info ] [ HEADER ] array (
  'cookie' => 'pgv_pvi=6098415616; _ga=GA1.1.1216734665.1554999946; Hm_lvt_f8d0a8c400404989e195270b0bbf060a=1562428957,1562461153,1562470156,1562474619; Hm_lpvt_f8d0a8c400404989e195270b0bbf060a=1562474619; PHPSESSID=70p60bkhetk4shtdao5lissu7o; keeplogin=1%7C86400%7C1562561214%7C02b7fd85e017234ad475002d49b1cf69',
  'accept-language' => 'zh-CN,zh;q=0.9',
  'accept-encoding' => 'gzip, deflate, br',
  'accept' => 'text/html,application/xhtml+xml,application/xml;q=0.9,image/webp,image/apng,*/*;q=0.8,application/signed-exchange;v=b3',
  'user-agent' => 'Mozilla/5.0 (Windows NT 10.0; Win64; x64) AppleWebKit/537.36 (KHTML, like Gecko) Chrome/75.0.3770.100 Safari/537.36',
  'upgrade-insecure-requests' => '1',
  'connection' => 'keep-alive',
  'host' => 'localhost',
  'content-length' => '',
  'content-type' => '',
)
[ info ] [ PARAM ] array (
)
[ info ] [ LANG ] D:\phpstart\PHPTutorial\WWW\ownObj\public/../application/api\lang\zh-cn.php
[ info ] [ BEHAVIOR ] Run app\common\behavior\Common @module_init [ RunTime:0.001215s ]
[ info ] [ RUN ] app\api\controller\Demo->test[ D:\phpstart\PHPTutorial\WWW\ownObj\application\api\controller\Demo.php ]
[ info ] [ LOG ] INIT File
---------------------------------------------------------------
[ 2019-07-07T12:49:16+08:00 ] 127.0.0.1 GET localhost/api/Demo/test
[运行时间：0.042843s] [吞吐率：23.34req/s] [内存消耗：2,112.30kb] [文件加载：117]
[ info ] [ BEHAVIOR ] Run Closure @app_init [ RunTime:0.000025s ]
[ info ] [ CACHE ] INIT File
[ info ] [ BEHAVIOR ] Run Closure @app_init [ RunTime:0.002169s ]
[ info ] [ LANG ] D:\phpstart\PHPTutorial\WWW\ownObj\thinkphp\lang\zh-cn.php
[ info ] [ ROUTE ] array (
  'type' => 'module',
  'module' => 
  array (
    0 => 'api',
    1 => 'Demo',
    2 => 'test',
  ),
)
[ info ] [ HEADER ] array (
  'cookie' => 'pgv_pvi=6098415616; _ga=GA1.1.1216734665.1554999946; Hm_lvt_f8d0a8c400404989e195270b0bbf060a=1562428957,1562461153,1562470156,1562474619; Hm_lpvt_f8d0a8c400404989e195270b0bbf060a=1562474619; PHPSESSID=70p60bkhetk4shtdao5lissu7o; keeplogin=1%7C86400%7C1562561214%7C02b7fd85e017234ad475002d49b1cf69',
  'accept-language' => 'zh-CN,zh;q=0.9',
  'accept-encoding' => 'gzip, deflate, br',
  'accept' => 'text/html,application/xhtml+xml,application/xml;q=0.9,image/webp,image/apng,*/*;q=0.8,application/signed-exchange;v=b3',
  'user-agent' => 'Mozilla/5.0 (Windows NT 10.0; Win64; x64) AppleWebKit/537.36 (KHTML, like Gecko) Chrome/75.0.3770.100 Safari/537.36',
  'upgrade-insecure-requests' => '1',
  'cache-control' => 'max-age=0',
  'connection' => 'keep-alive',
  'host' => 'localhost',
  'content-length' => '',
  'content-type' => '',
)
[ info ] [ PARAM ] array (
)
[ info ] [ LANG ] D:\phpstart\PHPTutorial\WWW\ownObj\public/../application/api\lang\zh-cn.php
[ info ] [ BEHAVIOR ] Run app\common\behavior\Common @module_init [ RunTime:0.001294s ]
[ info ] [ RUN ] app\api\controller\Demo->test[ D:\phpstart\PHPTutorial\WWW\ownObj\application\api\controller\Demo.php ]
[ info ] [ LOG ] INIT File
---------------------------------------------------------------
[ 2019-07-07T12:50:50+08:00 ] 127.0.0.1 GET localhost/a
[运行时间：0.056394s] [吞吐率：17.73req/s] [内存消耗：2,113.38kb] [文件加载：117]
[ info ] [ BEHAVIOR ] Run Closure @app_init [ RunTime:0.000013s ]
[ info ] [ CACHE ] INIT File
[ info ] [ BEHAVIOR ] Run Closure @app_init [ RunTime:0.002995s ]
[ info ] [ LANG ] D:\phpstart\PHPTutorial\WWW\ownObj\thinkphp\lang\zh-cn.php
[ info ] [ ROUTE ] array (
  'type' => 'module',
  'module' => 
  array (
    0 => 'api',
    1 => 'Demo',
    2 => 'test',
  ),
  'convert' => false,
)
[ info ] [ HEADER ] array (
  'cookie' => 'pgv_pvi=6098415616; _ga=GA1.1.1216734665.1554999946; Hm_lvt_f8d0a8c400404989e195270b0bbf060a=1562428957,1562461153,1562470156,1562474619; Hm_lpvt_f8d0a8c400404989e195270b0bbf060a=1562474619; PHPSESSID=70p60bkhetk4shtdao5lissu7o; keeplogin=1%7C86400%7C1562561214%7C02b7fd85e017234ad475002d49b1cf69',
  'accept-language' => 'zh-CN,zh;q=0.9',
  'accept-encoding' => 'gzip, deflate, br',
  'accept' => 'text/html,application/xhtml+xml,application/xml;q=0.9,image/webp,image/apng,*/*;q=0.8,application/signed-exchange;v=b3',
  'user-agent' => 'Mozilla/5.0 (Windows NT 10.0; Win64; x64) AppleWebKit/537.36 (KHTML, like Gecko) Chrome/75.0.3770.100 Safari/537.36',
  'upgrade-insecure-requests' => '1',
  'connection' => 'keep-alive',
  'host' => 'localhost',
  'content-length' => '',
  'content-type' => '',
)
[ info ] [ PARAM ] array (
)
[ info ] [ LANG ] D:\phpstart\PHPTutorial\WWW\ownObj\public/../application/api\lang\zh-cn.php
[ info ] [ BEHAVIOR ] Run app\common\behavior\Common @module_init [ RunTime:0.001805s ]
[ info ] [ RUN ] app\api\controller\Demo->test[ D:\phpstart\PHPTutorial\WWW\ownObj\application\api\controller\Demo.php ]
[ info ] [ LOG ] INIT File
---------------------------------------------------------------
[ 2019-07-07T12:50:53+08:00 ] 127.0.0.1 GET localhost/aa
[运行时间：0.040204s] [吞吐率：24.87req/s] [内存消耗：1,594.74kb] [文件加载：107]
[ info ] [ BEHAVIOR ] Run Closure @app_init [ RunTime:0.000035s ]
[ info ] [ CACHE ] INIT File
[ info ] [ BEHAVIOR ] Run Closure @app_init [ RunTime:0.001437s ]
[ info ] [ LANG ] D:\phpstart\PHPTutorial\WWW\ownObj\thinkphp\lang\zh-cn.php
[ info ] [ ROUTE ] array (
  'type' => 'module',
  'module' => 
  array (
    0 => 'aa',
    1 => NULL,
    2 => NULL,
  ),
)
[ info ] [ HEADER ] array (
  'cookie' => 'pgv_pvi=6098415616; _ga=GA1.1.1216734665.1554999946; Hm_lvt_f8d0a8c400404989e195270b0bbf060a=1562428957,1562461153,1562470156,1562474619; Hm_lpvt_f8d0a8c400404989e195270b0bbf060a=1562474619; PHPSESSID=70p60bkhetk4shtdao5lissu7o; keeplogin=1%7C86400%7C1562561214%7C02b7fd85e017234ad475002d49b1cf69',
  'accept-language' => 'zh-CN,zh;q=0.9',
  'accept-encoding' => 'gzip, deflate, br',
  'purpose' => 'prefetch',
  'accept' => 'text/html,application/xhtml+xml,application/xml;q=0.9,image/webp,image/apng,*/*;q=0.8,application/signed-exchange;v=b3',
  'user-agent' => 'Mozilla/5.0 (Windows NT 10.0; Win64; x64) AppleWebKit/537.36 (KHTML, like Gecko) Chrome/75.0.3770.100 Safari/537.36',
  'upgrade-insecure-requests' => '1',
  'connection' => 'keep-alive',
  'host' => 'localhost',
  'content-length' => '',
  'content-type' => '',
)
[ info ] [ PARAM ] array (
)
[ info ] [ LOG ] INIT File
---------------------------------------------------------------
[ 2019-07-07T12:50:58+08:00 ] 127.0.0.1 GET localhost/a
[运行时间：0.043982s] [吞吐率：22.74req/s] [内存消耗：2,113.38kb] [文件加载：117]
[ info ] [ BEHAVIOR ] Run Closure @app_init [ RunTime:0.000044s ]
[ info ] [ CACHE ] INIT File
[ info ] [ BEHAVIOR ] Run Closure @app_init [ RunTime:0.002178s ]
[ info ] [ LANG ] D:\phpstart\PHPTutorial\WWW\ownObj\thinkphp\lang\zh-cn.php
[ info ] [ ROUTE ] array (
  'type' => 'module',
  'module' => 
  array (
    0 => 'api',
    1 => 'Demo',
    2 => 'test',
  ),
  'convert' => false,
)
[ info ] [ HEADER ] array (
  'cookie' => 'pgv_pvi=6098415616; _ga=GA1.1.1216734665.1554999946; Hm_lvt_f8d0a8c400404989e195270b0bbf060a=1562428957,1562461153,1562470156,1562474619; Hm_lpvt_f8d0a8c400404989e195270b0bbf060a=1562474619; PHPSESSID=70p60bkhetk4shtdao5lissu7o; keeplogin=1%7C86400%7C1562561214%7C02b7fd85e017234ad475002d49b1cf69',
  'accept-language' => 'zh-CN,zh;q=0.9',
  'accept-encoding' => 'gzip, deflate, br',
  'accept' => 'text/html,application/xhtml+xml,application/xml;q=0.9,image/webp,image/apng,*/*;q=0.8,application/signed-exchange;v=b3',
  'user-agent' => 'Mozilla/5.0 (Windows NT 10.0; Win64; x64) AppleWebKit/537.36 (KHTML, like Gecko) Chrome/75.0.3770.100 Safari/537.36',
  'upgrade-insecure-requests' => '1',
  'connection' => 'keep-alive',
  'host' => 'localhost',
  'content-length' => '',
  'content-type' => '',
)
[ info ] [ PARAM ] array (
)
[ info ] [ LANG ] D:\phpstart\PHPTutorial\WWW\ownObj\public/../application/api\lang\zh-cn.php
[ info ] [ BEHAVIOR ] Run app\common\behavior\Common @module_init [ RunTime:0.001256s ]
[ info ] [ RUN ] app\api\controller\Demo->test[ D:\phpstart\PHPTutorial\WWW\ownObj\application\api\controller\Demo.php ]
[ info ] [ LOG ] INIT File
